<?xml version="1.0" encoding="utf-8"?><testsuites><testsuite name="pytest" errors="0" failures="0" skipped="0" tests="3" time="7.425" timestamp="2025-05-18T22:21:50.476306" hostname="HP-EliteBook-x360-1030-G2"><testcase classname="articubot_one.test.pytest.test_laserObstacle" name="test_node_creation" time="2.102" /><testcase classname="articubot_one.test.pytest.test_laserObstacle" name="test_obstacle" time="3.061" /><testcase classname="articubot_one.test.pytest.test_laserObstacle" name="test_obstacle_parameters" time="2.049" /></testsuite></testsuites>