<?xml version="1.0" encoding="UTF-8"?>
<Site BuildName="(empty)"
	BuildStamp="20250518-2121-Experimental"
	Name="HP-EliteBook-x360-1030-G2"
	Generator="ctest-3.28.3"
	CompilerName="/usr/bin/c++"
	CompilerVersion="13.3.0"
	OSName="Linux"
	Hostname="HP-EliteBook-x360-1030-G2"
	OSRelease="6.11.0-24-generic"
	OSVersion="#24~24.04.1-Ubuntu SMP PREEMPT_DYNAMIC Tue Mar 25 20:14:34 UTC 2"
	OSPlatform="x86_64"
	Is64Bits="1"
	VendorString="GenuineIntel"
	VendorID="Intel Corporation"
	FamilyID="6"
	ModelID="142"
	ProcessorCacheSize="4096"
	NumberOfLogicalCPU="4"
	NumberOfPhysicalCPU="2"
	TotalVirtualMemory="4095"
	TotalPhysicalMemory="15868"
	LogicalProcessorsPerPhysical="2"
	ProcessorClockFrequency="2300.19"
	>
	<Testing>
		<StartDateTime>May 18 22:21 +01</StartDateTime>
		<StartTestTime>1747603310</StartTestTime>
		<TestList>
			<Test>./laser_obstacle_test</Test>
		</TestList>
		<Test Status="passed">
			<Name>laser_obstacle_test</Name>
			<Path>.</Path>
			<FullName>./laser_obstacle_test</FullName>
			<FullCommandLine>/usr/bin/python3 "-u" "/opt/ros/jazzy/share/ament_cmake_test/cmake/run_test.py" "/home/jonatan/ros2_ws/build/articubot_one/test_results/articubot_one/laser_obstacle_test.xunit.xml" "--package-name" "articubot_one" "--output-file" "/home/jonatan/ros2_ws/build/articubot_one/ament_cmake_pytest/laser_obstacle_test.txt" "--command" "/usr/bin/python3" "-u" "-m" "pytest" "/home/jonatan/ros2_ws/src/articubot_one/test/pytest/test_laserObstacle.py" "-o" "cache_dir=/home/jonatan/ros2_ws/build/articubot_one/ament_cmake_pytest/laser_obstacle_test/.cache" "--junit-xml=/home/jonatan/ros2_ws/build/articubot_one/test_results/articubot_one/laser_obstacle_test.xunit.xml" "--junit-prefix=articubot_one"</FullCommandLine>
			<Results>
				<NamedMeasurement type="numeric/double" name="Execution Time">
					<Value>8.05212</Value>
				</NamedMeasurement>
				<NamedMeasurement type="numeric/double" name="Processors">
					<Value>1</Value>
				</NamedMeasurement>
				<NamedMeasurement type="text/string" name="Completion Status">
					<Value>Completed</Value>
				</NamedMeasurement>
				<NamedMeasurement type="text/string" name="Command Line">
					<Value>/usr/bin/python3 "-u" "/opt/ros/jazzy/share/ament_cmake_test/cmake/run_test.py" "/home/jonatan/ros2_ws/build/articubot_one/test_results/articubot_one/laser_obstacle_test.xunit.xml" "--package-name" "articubot_one" "--output-file" "/home/jonatan/ros2_ws/build/articubot_one/ament_cmake_pytest/laser_obstacle_test.txt" "--command" "/usr/bin/python3" "-u" "-m" "pytest" "/home/jonatan/ros2_ws/src/articubot_one/test/pytest/test_laserObstacle.py" "-o" "cache_dir=/home/jonatan/ros2_ws/build/articubot_one/ament_cmake_pytest/laser_obstacle_test/.cache" "--junit-xml=/home/jonatan/ros2_ws/build/articubot_one/test_results/articubot_one/laser_obstacle_test.xunit.xml" "--junit-prefix=articubot_one"</Value>
				</NamedMeasurement>
				<NamedMeasurement type="text/string" name="Environment">
					<Value>#CTEST_RESOURCE_GROUP_COUNT=</Value>
				</NamedMeasurement>
				<Measurement>
					<Value>-- run_test.py: invoking following command in '/home/jonatan/ros2_ws/build/articubot_one':
 - /usr/bin/python3 -u -m pytest /home/jonatan/ros2_ws/src/articubot_one/test/pytest/test_laserObstacle.py -o cache_dir=/home/jonatan/ros2_ws/build/articubot_one/ament_cmake_pytest/laser_obstacle_test/.cache --junit-xml=/home/jonatan/ros2_ws/build/articubot_one/test_results/articubot_one/laser_obstacle_test.xunit.xml --junit-prefix=articubot_one
============================= test session starts ==============================
platform linux -- Python 3.12.3, pytest-7.4.4, pluggy-1.4.0
cachedir: /home/jonatan/ros2_ws/build/articubot_one/ament_cmake_pytest/laser_obstacle_test/.cache
rootdir: /home/jonatan/ros2_ws/src/articubot_one
plugins: launch-testing-3.4.4, ament-xmllint-0.17.2, ament-pep257-0.17.2, ament-copyright-0.17.2, ament-flake8-0.17.2, launch-testing-ros-0.26.7, ament-lint-0.17.2, cov-4.1.0, typeguard-4.1.5, colcon-core-0.19.0
collected 3 items

../../src/articubot_one/test/pytest/test_laserObstacle.py ...            [100%]

- generated xml file: /home/jonatan/ros2_ws/build/articubot_one/test_results/articubot_one/laser_obstacle_test.xunit.xml -
============================== 3 passed in 7.42s ===============================
-- run_test.py: return code 0
-- run_test.py: verify result file '/home/jonatan/ros2_ws/build/articubot_one/test_results/articubot_one/laser_obstacle_test.xunit.xml'
</Value>
				</Measurement>
			</Results>
			<Labels>
				<Label>pytest</Label>
			</Labels>
		</Test>
		<EndDateTime>May 18 22:21 +01</EndDateTime>
		<EndTestTime>1747603318</EndTestTime>
		<ElapsedMinutes>0</ElapsedMinutes>
	</Testing>
</Site>
