[0.035s] Invoking command in '/home/jonatan/ros2_ws/build/articubot_one': AMENT_PREFIX_PATH=/home/jonatan/ros2_ws/install/articubot_one:${AMENT_PREFIX_PATH} CMAKE_PREFIX_PATH=/home/jonatan/ros2_ws/install/articubot_one:${CMAKE_PREFIX_PATH} PS1=\[\e]0;\u@\h: \w\a\]${debian_chroot:+($debian_chroot)}\[\033[01;32m\]\u@\h\[\033[00m\]:\[\033[01;34m\]\w\[\033[00m\]\$ PYTHONPATH=/home/jonatan/ros2_ws/install/articubot_one/lib/python3.12/site-packages:${PYTHONPATH} /usr/bin/ctest -C Release -D ExperimentalTest --no-compress-output -V --force-new-ctest-process
[0.045s] UpdateCTestConfiguration  from :/home/jonatan/ros2_ws/build/articubot_one/CTestConfiguration.ini
[0.045s] Parse Config file:/home/jonatan/ros2_ws/build/articubot_one/CTestConfiguration.ini
[0.046s]    Site: HP-EliteBook-x360-1030-G2
[0.046s]    Build name: (empty)
[0.046s]  Add coverage exclude regular expressions.
[0.046s] Create new tag: 20250518-1845 - Experimental
[0.046s] UpdateCTestConfiguration  from :/home/jonatan/ros2_ws/build/articubot_one/CTestConfiguration.ini
[0.047s] Parse Config file:/home/jonatan/ros2_ws/build/articubot_one/CTestConfiguration.ini
[0.047s] Test project /home/jonatan/ros2_ws/build/articubot_one
[0.047s] Constructing a list of tests
[0.047s] Done constructing a list of tests
[0.048s] Updating test list for fixtures
[0.048s] Added 0 tests to meet fixture requirements
[0.048s] Checking test dependency graph...
[0.048s] Checking test dependency graph end
[0.048s] test 1
[0.048s]     Start 1: laser_obstacle_test
[0.048s] 
[0.048s] 1: Test command: /usr/bin/python3 "-u" "/opt/ros/jazzy/share/ament_cmake_test/cmake/run_test.py" "/home/jonatan/ros2_ws/build/articubot_one/test_results/articubot_one/laser_obstacle_test.xunit.xml" "--package-name" "articubot_one" "--output-file" "/home/jonatan/ros2_ws/build/articubot_one/ament_cmake_pytest/laser_obstacle_test.txt" "--command" "/usr/bin/python3" "-u" "-m" "pytest" "/home/jonatan/ros2_ws/src/articubot_one/test/pytest/test_laserObstacle.py" "-o" "cache_dir=/home/jonatan/ros2_ws/build/articubot_one/ament_cmake_pytest/laser_obstacle_test/.cache" "--junit-xml=/home/jonatan/ros2_ws/build/articubot_one/test_results/articubot_one/laser_obstacle_test.xunit.xml" "--junit-prefix=articubot_one"
[0.048s] 1: Working Directory: /home/jonatan/ros2_ws/build/articubot_one
[0.049s] 1: Test timeout computed to be: 360
[0.127s] 1: -- run_test.py: invoking following command in '/home/jonatan/ros2_ws/build/articubot_one':
[0.127s] 1:  - /usr/bin/python3 -u -m pytest /home/jonatan/ros2_ws/src/articubot_one/test/pytest/test_laserObstacle.py -o cache_dir=/home/jonatan/ros2_ws/build/articubot_one/ament_cmake_pytest/laser_obstacle_test/.cache --junit-xml=/home/jonatan/ros2_ws/build/articubot_one/test_results/articubot_one/laser_obstacle_test.xunit.xml --junit-prefix=articubot_one
[0.581s] 1: ============================= test session starts ==============================
[0.581s] 1: platform linux -- Python 3.12.3, pytest-7.4.4, pluggy-1.4.0
[0.586s] 1: cachedir: /home/jonatan/ros2_ws/build/articubot_one/ament_cmake_pytest/laser_obstacle_test/.cache
[0.586s] 1: rootdir: /home/jonatan/ros2_ws/src/articubot_one
[0.586s] 1: plugins: launch-testing-3.4.4, ament-xmllint-0.17.2, ament-pep257-0.17.2, ament-copyright-0.17.2, ament-flake8-0.17.2, launch-testing-ros-0.26.7, ament-lint-0.17.2, cov-4.1.0, typeguard-4.1.5, colcon-core-0.19.0
[0.816s] 1: collected 2 items
[0.817s] 1: 
[5.284s] 1: ../../src/articubot_one/test/pytest/test_laserObstacle.py .F             [100%]
[5.285s] 1: 
[5.287s] 1: =================================== FAILURES ===================================
[5.288s] 1: ___________________________ test_obstacle_parameters ___________________________
[5.289s] 1: 
[5.289s] 1: obstacle_node = (<articubot_one.obstacle_avoidance.Obstacle object at 0x7ccbfa36aff0>, <rclpy.executors.SingleThreadedExecutor object at 0x7ccbfb1db8c0>)
[5.290s] 1: 
[5.291s] 1:     def test_obstacle_parameters(obstacle_node):
[5.291s] 1:         """Test ROS parameters after the node has had a chance to spin."""
[5.292s] 1:         node, executor = obstacle_node
[5.293s] 1:     
[5.293s] 1:         # Now access parameters after the node has spun briefly
[5.294s] 1:         # Note: Getting parameters this way works if they are declared
[5.294s] 1:         # and have default values, or if they are set externally
[5.294s] 1:         # AND the node has spun to receive them.
[5.295s] 1:         try:
[5.295s] 1:             # Use the correct ROS 2 way to get parameter values
[5.295s] 1:             threshold = node.get_parameter('threshold_distance').value
[5.295s] 1:             scan_topic = node.get_parameter('laser_scan_topic').value
[5.296s] 1:             cmd_topic = node.get_parameter('cmd_vel_topic').value
[5.296s] 1:             front_sector_angle = node.get_parameter('frontal_detection_angle_deg').value
[5.297s] 1:     
[5.297s] 1:             # assert the values are correct as expected
[5.297s] 1:             assert isinstance(threshold, float), f"expect the threshold to be a float"
[5.298s] 1:             assert isinstance(scan_topic, str), f"expect the scan topic to be a string"
[5.298s] 1:             assert isinstance(cmd_topic, str), f"expect the cmd velocity command to be a string"
[5.298s] 1:             assert isinstance(front_sector_angle, float), f'expect the angle of sector to be a float'
[5.299s] 1:     
[5.299s] 1:             # 2- check if the values of the parameters are correct
[5.299s] 1:             # These values should match what's set in your launch file or node defaults
[5.300s] 1:             assert threshold == 0.5
[5.300s] 1: >           assert scan_topic == "scan"
[5.300s] 1: E           AssertionError: assert '/scan' == 'scan'
[5.300s] 1: E             - scan
[5.301s] 1: E             + /scan
[5.301s] 1: E             ? +
[5.301s] 1: 
[5.302s] 1: ../../src/articubot_one/test/pytest/test_laserObstacle.py:84: AssertionError
[5.302s] 1: 
[5.302s] 1: During handling of the above exception, another exception occurred:
[5.303s] 1: 
[5.303s] 1: obstacle_node = (<articubot_one.obstacle_avoidance.Obstacle object at 0x7ccbfa36aff0>, <rclpy.executors.SingleThreadedExecutor object at 0x7ccbfb1db8c0>)
[5.303s] 1: 
[5.304s] 1:     def test_obstacle_parameters(obstacle_node):
[5.304s] 1:         """Test ROS parameters after the node has had a chance to spin."""
[5.304s] 1:         node, executor = obstacle_node
[5.305s] 1:     
[5.305s] 1:         # Now access parameters after the node has spun briefly
[5.305s] 1:         # Note: Getting parameters this way works if they are declared
[5.305s] 1:         # and have default values, or if they are set externally
[5.306s] 1:         # AND the node has spun to receive them.
[5.306s] 1:         try:
[5.306s] 1:             # Use the correct ROS 2 way to get parameter values
[5.307s] 1:             threshold = node.get_parameter('threshold_distance').value
[5.307s] 1:             scan_topic = node.get_parameter('laser_scan_topic').value
[5.307s] 1:             cmd_topic = node.get_parameter('cmd_vel_topic').value
[5.308s] 1:             front_sector_angle = node.get_parameter('frontal_detection_angle_deg').value
[5.308s] 1:     
[5.308s] 1:             # assert the values are correct as expected
[5.309s] 1:             assert isinstance(threshold, float), f"expect the threshold to be a float"
[5.309s] 1:             assert isinstance(scan_topic, str), f"expect the scan topic to be a string"
[5.309s] 1:             assert isinstance(cmd_topic, str), f"expect the cmd velocity command to be a string"
[5.310s] 1:             assert isinstance(front_sector_angle, float), f'expect the angle of sector to be a float'
[5.310s] 1:     
[5.310s] 1:             # 2- check if the values of the parameters are correct
[5.311s] 1:             # These values should match what's set in your launch file or node defaults
[5.311s] 1:             assert threshold == 0.5
[5.311s] 1:             assert scan_topic == "scan"
[5.312s] 1:             assert cmd_topic == "cmd_vel"
[5.312s] 1:             assert front_sector_angle == 60.0
[5.312s] 1:     
[5.313s] 1:         except rclpy.exceptions.ParameterNotDeclaredException as e:
[5.313s] 1:             pytest.fail(f"Parameter not declared: {e}")
[5.313s] 1:         except Exception as e:
[5.314s] 1: >           pytest.fail(f"Error getting parameter: {e}")
[5.314s] 1: E           Failed: Error getting parameter: assert '/scan' == 'scan'
[5.314s] 1: E             - scan
[5.314s] 1: E             + /scan
[5.315s] 1: E             ? +
[5.315s] 1: 
[5.315s] 1: ../../src/articubot_one/test/pytest/test_laserObstacle.py:91: Failed
[5.316s] 1: ---------------------------- Captured stderr setup -----------------------------
[5.316s] 1: [INFO] [1747593945.866131941] [Laser_Obstacle_Avoidance]: Subscribing to laser scan on: /scan
[5.316s] 1: [INFO] [1747593945.869740491] [Laser_Obstacle_Avoidance]: Publishing velocity commands on: /cmd_vel
[5.317s] 1: - generated xml file: /home/jonatan/ros2_ws/build/articubot_one/test_results/articubot_one/laser_obstacle_test.xunit.xml -
[5.317s] 1: =========================== short test summary info ============================
[5.317s] 1: FAILED ../../src/articubot_one/test/pytest/test_laserObstacle.py::test_obstacle_parameters
[5.318s] 1: ========================= 1 failed, 1 passed in 4.71s ==========================
[5.573s] 1: -- run_test.py: return code 1
[5.574s] 1: -- run_test.py: verify result file '/home/jonatan/ros2_ws/build/articubot_one/test_results/articubot_one/laser_obstacle_test.xunit.xml'
[5.610s] 1/6 Test #1: laser_obstacle_test ..............***Failed    5.56 sec
[5.612s] test 2
[5.613s]     Start 2: copyright
[5.613s] 
[5.614s] 2: Test command: /usr/bin/python3 "-u" "/opt/ros/jazzy/share/ament_cmake_test/cmake/run_test.py" "/home/jonatan/ros2_ws/build/articubot_one/test_results/articubot_one/copyright.xunit.xml" "--package-name" "articubot_one" "--output-file" "/home/jonatan/ros2_ws/build/articubot_one/ament_copyright/copyright.txt" "--command" "/opt/ros/jazzy/bin/ament_copyright" "--xunit-file" "/home/jonatan/ros2_ws/build/articubot_one/test_results/articubot_one/copyright.xunit.xml"
[5.615s] 2: Working Directory: /home/jonatan/ros2_ws/src/articubot_one
[5.616s] 2: Test timeout computed to be: 200
[5.773s] 2: -- run_test.py: invoking following command in '/home/jonatan/ros2_ws/src/articubot_one':
[5.773s] 2:  - /opt/ros/jazzy/bin/ament_copyright --xunit-file /home/jonatan/ros2_ws/build/articubot_one/test_results/articubot_one/copyright.xunit.xml
[6.052s] 2: CONTRIBUTING.md: file not found
[6.052s] 2: LICENSE: file not found
[6.052s] 2: articubot_one/obstacle_avoidance.py: could not find copyright notice
[6.053s] 2: launch/ball_tracker.launch.py: could not find copyright notice
[6.053s] 2: launch/camera.launch.py: could not find copyright notice
[6.053s] 2: launch/joystick.launch.py: could not find copyright notice
[6.053s] 2: launch/launch_robot.launch.py: could not find copyright notice
[6.053s] 2: launch/launch_sim.launch.py: could not find copyright notice
[6.054s] 2: launch/online_async_launch.py: could not find copyright notice
[6.054s] 2: launch/rplidar.launch.py: could not find copyright notice
[6.054s] 2: launch/rsp.launch.py: could not find copyright notice
[6.054s] 2: launch/rviz_gazebo.launch.py: could not find copyright notice
[6.054s] 2: test/pytest/test_laserObstacle.py: could not find copyright notice
[6.054s] 2: 13 errors, checked 16 files
[6.069s] 2: -- run_test.py: return code 1
[6.070s] 2: -- run_test.py: verify result file '/home/jonatan/ros2_ws/build/articubot_one/test_results/articubot_one/copyright.xunit.xml'
[6.081s] 2/6 Test #2: copyright ........................***Failed    0.47 sec
[6.081s] test 3
[6.081s]     Start 3: flake8
[6.081s] 
[6.081s] 3: Test command: /usr/bin/python3 "-u" "/opt/ros/jazzy/share/ament_cmake_test/cmake/run_test.py" "/home/jonatan/ros2_ws/build/articubot_one/test_results/articubot_one/flake8.xunit.xml" "--package-name" "articubot_one" "--output-file" "/home/jonatan/ros2_ws/build/articubot_one/ament_flake8/flake8.txt" "--command" "/opt/ros/jazzy/bin/ament_flake8" "--xunit-file" "/home/jonatan/ros2_ws/build/articubot_one/test_results/articubot_one/flake8.xunit.xml"
[6.081s] 3: Working Directory: /home/jonatan/ros2_ws/src/articubot_one
[6.081s] 3: Test timeout computed to be: 60
[6.160s] 3: -- run_test.py: invoking following command in '/home/jonatan/ros2_ws/src/articubot_one':
[6.160s] 3:  - /opt/ros/jazzy/bin/ament_flake8 --xunit-file /home/jonatan/ros2_ws/build/articubot_one/test_results/articubot_one/flake8.xunit.xml
[6.581s] 3: from geometry_msgs.msg import Twist
[6.581s] 3: ^
[6.581s] 3: import math
[6.582s] 3: ^
[6.582s] 3: import math
[6.582s] 3: ^
[6.582s] 3: # i am writing down this piece of code with paramters 
[6.583s] 3:                                                      ^
[6.583s] 3: # Paramters are for the node , it enables modularity and you can modify the parameters when executing the node 
[6.583s] 3:                                                                                                    ^
[6.585s] 3: # Paramters are for the node , it enables modularity and you can modify the parameters when executing the node 
[6.585s] 3:                                                                                                               ^
[6.585s] 3:     def __init__(self) :
[6.585s] 3:                       ^
[6.585s] 3:         super().__init__("Laser_Obstacle_Avoidance")
[6.586s] 3:                          ^
[6.586s] 3:         
[6.588s] 3: ^
[6.588s] 3:         self.declare_parameter("threshold_distance",0.5)  # i can use 0.5m or 1m as threshold distance
[6.588s] 3:                                ^
[6.589s] 3:         self.declare_parameter("threshold_distance",0.5)  # i can use 0.5m or 1m as threshold distance
[6.589s] 3:                                                    ^
[6.589s] 3:         self.declare_parameter("threshold_distance",0.5)  # i can use 0.5m or 1m as threshold distance
[6.589s] 3:                                                                                                    ^
[6.590s] 3:         self.threshold=self.get_parameter("threshold_distance").value
[6.590s] 3:                       ^
[6.590s] 3:         self.threshold=self.get_parameter("threshold_distance").value
[6.590s] 3:                                           ^
[6.590s] 3:         
[6.590s] 3: ^
[6.591s] 3:         self.declare_parameter("laser_scan_topic","/scan")
[6.591s] 3:                                ^
[6.591s] 3:         self.declare_parameter("laser_scan_topic","/scan")
[6.592s] 3:                                                  ^
[6.592s] 3:         self.declare_parameter("laser_scan_topic","/scan")
[6.592s] 3:                                                   ^
[6.592s] 3:         self.laser_topic=self.get_parameter("laser_scan_topic").value
[6.592s] 3:                         ^
[6.593s] 3:         self.laser_topic=self.get_parameter("laser_scan_topic").value
[6.593s] 3:                                             ^
[6.593s] 3:         
[6.596s] 3: ^
[6.596s] 3:         self.declare_parameter("cmd_vel_topic","/cmd_vel")
[6.596s] 3:                                ^
[6.596s] 3:         self.declare_parameter("cmd_vel_topic","/cmd_vel")
[6.597s] 3:                                               ^
[6.597s] 3:         self.declare_parameter("cmd_vel_topic","/cmd_vel")
[6.598s] 3:                                                ^
[6.616s] 3:         self.cmd_topic=self.get_parameter("cmd_vel_topic").value
[6.616s] 3:                       ^
[6.617s] 3:         self.cmd_topic=self.get_parameter("cmd_vel_topic").value
[6.617s] 3:                                           ^
[6.617s] 3:         self.frontal_detection_angle_rad = math.radians(self.get_parameter('frontal_detection_angle_deg').value)
[6.617s] 3:                                                                                                    ^
[6.617s] 3:         #create a publisher to the /cmd_vel
[6.618s] 3:         ^
[6.618s] 3:         self.cmd_vel_pub = self.create_publisher(Twist,self.cmd_topic, 10)
[6.618s] 3:                                                       ^
[6.618s] 3:     def laser_callback(self,msg):
[6.618s] 3:     ^
[6.618s] 3:     def laser_callback(self,msg):
[6.619s] 3:                            ^
[6.619s] 3:   
[6.619s] 3: ^
[6.619s] 3:         if not(scan_size) :
[6.619s] 3:               ^
[6.620s] 3:         if not(scan_size) :
[6.620s] 3:                          ^
[6.620s] 3:             #no laser data 
[6.620s] 3:             ^
[6.620s] 3:             #no laser data 
[6.621s] 3:                           ^
[6.621s] 3:             return 
[6.621s] 3:                   ^
[6.621s] 3:         # the lidar provides angles,angle step (common difference of the angle sequence), distances in meter
[6.621s] 3:                                                                                                    ^
[6.622s] 3:         
[6.622s] 3: ^
[6.622s] 3:         #for every angle in this sector, we get a valid distance and compare it with the angle_(i+1) in the sector so as to get the minimum distance
[6.622s] 3:         ^
[6.622s] 3:         #for every angle in this sector, we get a valid distance and compare it with the angle_(i+1) in the sector so as to get the minimum distance
[6.623s] 3:                                                                                                    ^
[6.623s] 3:         #we get an angle, we get it's corresponding distance and compare it's distance with a min distance
[6.623s] 3:         ^
[6.623s] 3:         #we get an angle, we get it's corresponding distance and compare it's distance with a min distance
[6.623s] 3:                                                                                                    ^
[6.624s] 3:         # At each round, we get the minimum distance since our objectif is to get the closest distance to an obstacle 
[6.624s] 3:                                                                                                    ^
[6.624s] 3:         # At each round, we get the minimum distance since our objectif is to get the closest distance to an obstacle 
[6.624s] 3:                                                                                                                      ^
[6.624s] 3:         # we are sweeping across all the angles with the increment 
[6.625s] 3:                                                                   ^
[6.625s] 3:         # while sweeping we compare  only the ranges with the ones in the defined angle 
[6.625s] 3:                                                                                        ^
[6.625s] 3:                  # If the range reading is valid (not inf or nan)
[6.625s] 3:                  ^
[6.626s] 3:                  # If the range reading is valid (not inf or nan)
[6.626s] 3:                  ^
[6.626s] 3:                  if not math.isinf(msg.ranges[i]) and not math.isnan(msg.ranges[i]):
[6.626s] 3:                  ^
[6.626s] 3:                  if not math.isinf(msg.ranges[i]) and not math.isnan(msg.ranges[i]):
[6.626s] 3:                  ^
[6.627s] 3:             
[6.627s] 3: ^
[6.627s] 3:                      min_distance_in_frontal_sector = min(min_distance_in_frontal_sector, msg.ranges[i])
[6.627s] 3:                      ^
[6.627s] 3:                      min_distance_in_frontal_sector = min(min_distance_in_frontal_sector, msg.ranges[i])
[6.628s] 3:                                                                                                    ^
[6.628s] 3:         #  To stop the robot from moving ahead when ever it meets an obstacle, it will just go back 
[6.628s] 3:                                                                                                    ^
[6.628s] 3:         if obstacle_detected :
[6.628s] 3:                             ^
[6.629s] 3:            self.get_logger().info(f'Obstacle detected at {min_distance_in_frontal_sector:.2f}m. Deciding to stop.')
[6.629s] 3:            ^
[6.629s] 3:            self.get_logger().info(f'Obstacle detected at {min_distance_in_frontal_sector:.2f}m. Deciding to stop.')
[6.629s] 3:                                                                                                    ^
[6.629s] 3:            twist.linear.x = 0.0
[6.630s] 3:            ^
[6.630s] 3:            twist.angular.z =0.0
[6.630s] 3:            ^
[6.630s] 3:            twist.angular.z =0.0
[6.630s] 3:                             ^
[6.631s] 3:            self.cmd_vel_pub.publish(twist)
[6.631s] 3:            ^
[6.631s] 3:            self.get_logger().info(f'No obstacle detected') 
[6.631s] 3:            ^
[6.631s] 3:            self.get_logger().info(f'No obstacle detected') 
[6.631s] 3:                                   ^
[6.632s] 3:            self.get_logger().info(f'No obstacle detected') 
[6.632s] 3:                                                           ^
[6.632s] 3: def main(args=None):
[6.632s] 3: ^
[6.632s] 3:         rclpy.spin(node) # Keep the node running and process callbacks
[6.633s] 3:                         ^
[6.633s] 3:         node.get_logger().info('Smart Obstacle Avoider Node stopped cleanly via KeyboardInterrupt.')
[6.633s] 3:                                                                                                    ^
[6.633s] 3: if __name__ == '__main__':
[6.633s] 3: ^
[6.633s] 3:     main()    
[6.634s] 3:           ^
[6.634s] 3: from ament_index_python.packages import get_package_share_directory
[6.634s] 3: ^
[6.634s] 3: from launch.actions import DeclareLaunchArgument
[6.634s] 3: ^
[6.634s] 3:     my_package_name='articubot_one'
[6.635s] 3:                    ^
[6.635s] 3:     tracker_params_sim = os.path.join(get_package_share_directory(my_package_name),'config','ball_tracker_params_sim.yaml')
[6.635s] 3:                                                                                   ^
[6.635s] 3:     tracker_params_sim = os.path.join(get_package_share_directory(my_package_name),'config','ball_tracker_params_sim.yaml')
[6.635s] 3:                                                                                            ^
[6.636s] 3:     tracker_params_sim = os.path.join(get_package_share_directory(my_package_name),'config','ball_tracker_params_sim.yaml')
[6.636s] 3:                                                                                                    ^
[6.636s] 3:     tracker_params_robot = os.path.join(get_package_share_directory(my_package_name),'config','ball_tracker_params_robot.yaml')
[6.636s] 3:                                                                                     ^
[6.636s] 3:     tracker_params_robot = os.path.join(get_package_share_directory(my_package_name),'config','ball_tracker_params_robot.yaml')
[6.636s] 3:                                                                                              ^
[6.637s] 3:     tracker_params_robot = os.path.join(get_package_share_directory(my_package_name),'config','ball_tracker_params_robot.yaml')
[6.637s] 3:                                                                                                    ^
[6.637s] 3:     params_path = PythonExpression(['"',tracker_params_sim, '" if "true" == "', sim_mode, '" else "', tracker_params_robot, '"'])
[6.637s] 3:                                        ^
[6.637s] 3:     params_path = PythonExpression(['"',tracker_params_sim, '" if "true" == "', sim_mode, '" else "', tracker_params_robot, '"'])
[6.638s] 3:                                                                                                    ^
[6.638s] 3:                     get_package_share_directory('ball_tracker'), 'launch', 'ball_tracker.launch.py')]),
[6.638s] 3:                                                                                                    ^
[6.638s] 3:                     launch_arguments={'params_file': params_path,
[6.638s] 3:                     ^
[6.639s] 3:                                     'image_topic': '/camera/image_raw',
[6.639s] 3:                                     ^
[6.639s] 3:                                     'cmd_vel_topic': '/cmd_vel_tracker',
[6.639s] 3:                                     ^
[6.639s] 3:                                     'enable_3d_tracker': 'true'}.items())
[6.640s] 3:                                     ^
[6.640s] 3: import os
[6.640s] 3: ^
[6.640s] 3: def generate_launch_description():
[6.640s] 3: ^
[6.641s] 3:     return LaunchDescription([
[6.641s] 3:     ^
[6.641s] 3:                 'image_size': [640,480],
[6.641s] 3:                                   ^
[6.641s] 3:     )
[6.642s] 3:     ^
[6.642s] 3: 
[6.642s] 3: ./articubot_one/obstacle_avoidance.py:5:1: I100 Import statements are in the wrong order. 'from geometry_msgs.msg import Twist' should be before 'from sensor_msgs.msg import LaserScan'
[6.642s] 3: 
[6.642s] 3: ./articubot_one/obstacle_avoidance.py:6:1: I100 Import statements are in the wrong order. 'import math' should be before 'from geometry_msgs.msg import Twist' and in a different group.
[6.643s] 3: 
[6.643s] 3: ./articubot_one/obstacle_avoidance.py:6:1: I201 Missing newline between import groups. 'import math' is identified as Stdlib and 'from geometry_msgs.msg import Twist' is identified as Third Party.
[6.643s] 3: 
[6.643s] 3: ./articubot_one/obstacle_avoidance.py:9:54: W291 trailing whitespace
[6.643s] 3: 
[6.644s] 3: ./articubot_one/obstacle_avoidance.py:10:100: E501 line too long (110 > 99 characters)
[6.644s] 3: 
[6.644s] 3: ./articubot_one/obstacle_avoidance.py:10:111: W291 trailing whitespace
[6.644s] 3: 
[6.644s] 3: ./articubot_one/obstacle_avoidance.py:14:23: E203 whitespace before ':'
[6.644s] 3: 
[6.645s] 3: ./articubot_one/obstacle_avoidance.py:15:26: Q000 Double quotes found but single quotes preferred
[6.645s] 3: 
[6.645s] 3: ./articubot_one/obstacle_avoidance.py:16:1: W293 blank line contains whitespace
[6.645s] 3: 
[6.645s] 3: ./articubot_one/obstacle_avoidance.py:17:32: Q000 Double quotes found but single quotes preferred
[6.646s] 3: 
[6.646s] 3: ./articubot_one/obstacle_avoidance.py:17:52: E231 missing whitespace after ','
[6.646s] 3: 
[6.646s] 3: ./articubot_one/obstacle_avoidance.py:17:100: E501 line too long (102 > 99 characters)
[6.647s] 3: 
[6.647s] 3: ./articubot_one/obstacle_avoidance.py:18:23: E225 missing whitespace around operator
[6.647s] 3: 
[6.647s] 3: ./articubot_one/obstacle_avoidance.py:18:43: Q000 Double quotes found but single quotes preferred
[6.647s] 3: 
[6.648s] 3: ./articubot_one/obstacle_avoidance.py:19:1: W293 blank line contains whitespace
[6.648s] 3: 
[6.648s] 3: ./articubot_one/obstacle_avoidance.py:20:32: Q000 Double quotes found but single quotes preferred
[6.648s] 3: 
[6.648s] 3: ./articubot_one/obstacle_avoidance.py:20:50: E231 missing whitespace after ','
[6.649s] 3: 
[6.649s] 3: ./articubot_one/obstacle_avoidance.py:20:51: Q000 Double quotes found but single quotes preferred
[6.649s] 3: 
[6.649s] 3: ./articubot_one/obstacle_avoidance.py:21:25: E225 missing whitespace around operator
[6.650s] 3: 
[6.650s] 3: ./articubot_one/obstacle_avoidance.py:21:45: Q000 Double quotes found but single quotes preferred
[6.650s] 3: 
[6.650s] 3: ./articubot_one/obstacle_avoidance.py:22:1: W293 blank line contains whitespace
[6.651s] 3: 
[6.651s] 3: ./articubot_one/obstacle_avoidance.py:23:32: Q000 Double quotes found but single quotes preferred
[6.651s] 3: 
[6.651s] 3: ./articubot_one/obstacle_avoidance.py:23:47: E231 missing whitespace after ','
[6.651s] 3: 
[6.652s] 3: ./articubot_one/obstacle_avoidance.py:23:48: Q000 Double quotes found but single quotes preferred
[6.652s] 3: 
[6.652s] 3: ./articubot_one/obstacle_avoidance.py:24:23: E225 missing whitespace around operator
[6.652s] 3: 
[6.652s] 3: ./articubot_one/obstacle_avoidance.py:24:43: Q000 Double quotes found but single quotes preferred
[6.652s] 3: 
[6.652s] 3: ./articubot_one/obstacle_avoidance.py:29:100: E501 line too long (112 > 99 characters)
[6.653s] 3: 
[6.653s] 3: ./articubot_one/obstacle_avoidance.py:38:9: E265 block comment should start with '# '
[6.653s] 3: 
[6.653s] 3: ./articubot_one/obstacle_avoidance.py:39:55: E231 missing whitespace after ','
[6.653s] 3: 
[6.653s] 3: ./articubot_one/obstacle_avoidance.py:43:5: E303 too many blank lines (2)
[6.653s] 3: 
[6.653s] 3: ./articubot_one/obstacle_avoidance.py:43:28: E231 missing whitespace after ','
[6.653s] 3: 
[6.654s] 3: ./articubot_one/obstacle_avoidance.py:47:1: W293 blank line contains whitespace
[6.654s] 3: 
[6.654s] 3: ./articubot_one/obstacle_avoidance.py:48:15: E275 missing whitespace after keyword
[6.654s] 3: 
[6.654s] 3: ./articubot_one/obstacle_avoidance.py:48:26: E203 whitespace before ':'
[6.654s] 3: 
[6.654s] 3: ./articubot_one/obstacle_avoidance.py:49:13: E265 block comment should start with '# '
[6.655s] 3: 
[6.655s] 3: ./articubot_one/obstacle_avoidance.py:49:27: W291 trailing whitespace
[6.655s] 3: 
[6.655s] 3: ./articubot_one/obstacle_avoidance.py:50:19: W291 trailing whitespace
[6.655s] 3: 
[6.655s] 3: ./articubot_one/obstacle_avoidance.py:51:100: E501 line too long (108 > 99 characters)
[6.655s] 3: 
[6.655s] 3: ./articubot_one/obstacle_avoidance.py:56:1: W293 blank line contains whitespace
[6.655s] 3: 
[6.655s] 3: ./articubot_one/obstacle_avoidance.py:60:9: E265 block comment should start with '# '
[6.656s] 3: 
[6.656s] 3: ./articubot_one/obstacle_avoidance.py:60:100: E501 line too long (148 > 99 characters)
[6.656s] 3: 
[6.656s] 3: ./articubot_one/obstacle_avoidance.py:61:9: E265 block comment should start with '# '
[6.656s] 3: 
[6.656s] 3: ./articubot_one/obstacle_avoidance.py:61:100: E501 line too long (106 > 99 characters)
[6.656s] 3: 
[6.656s] 3: ./articubot_one/obstacle_avoidance.py:62:100: E501 line too long (117 > 99 characters)
[6.656s] 3: 
[6.656s] 3: ./articubot_one/obstacle_avoidance.py:62:118: W291 trailing whitespace
[6.657s] 3: 
[6.657s] 3: ./articubot_one/obstacle_avoidance.py:64:67: W291 trailing whitespace
[6.657s] 3: 
[6.657s] 3: ./articubot_one/obstacle_avoidance.py:65:88: W291 trailing whitespace
[6.657s] 3: 
[6.657s] 3: ./articubot_one/obstacle_avoidance.py:75:18: E114 indentation is not a multiple of 4 (comment)
[6.657s] 3: 
[6.657s] 3: ./articubot_one/obstacle_avoidance.py:75:18: E117 over-indented (comment)
[6.657s] 3: 
[6.657s] 3: ./articubot_one/obstacle_avoidance.py:76:18: E111 indentation is not a multiple of 4
[6.658s] 3: 
[6.658s] 3: ./articubot_one/obstacle_avoidance.py:76:18: E117 over-indented
[6.658s] 3: 
[6.658s] 3: ./articubot_one/obstacle_avoidance.py:77:1: W293 blank line contains whitespace
[6.658s] 3: 
[6.658s] 3: ./articubot_one/obstacle_avoidance.py:78:22: E111 indentation is not a multiple of 4
[6.658s] 3: 
[6.658s] 3: ./articubot_one/obstacle_avoidance.py:78:100: E501 line too long (104 > 99 characters)
[6.658s] 3: 
[6.658s] 3: ./articubot_one/obstacle_avoidance.py:86:100: W291 trailing whitespace
[6.659s] 3: 
[6.659s] 3: ./articubot_one/obstacle_avoidance.py:87:29: E203 whitespace before ':'
[6.659s] 3: 
[6.659s] 3: ./articubot_one/obstacle_avoidance.py:88:12: E111 indentation is not a multiple of 4
[6.659s] 3: 
[6.659s] 3: ./articubot_one/obstacle_avoidance.py:88:100: E501 line too long (115 > 99 characters)
[6.659s] 3: 
[6.659s] 3: ./articubot_one/obstacle_avoidance.py:89:12: E111 indentation is not a multiple of 4
[6.659s] 3: 
[6.659s] 3: ./articubot_one/obstacle_avoidance.py:90:12: E111 indentation is not a multiple of 4
[6.660s] 3: 
[6.660s] 3: ./articubot_one/obstacle_avoidance.py:90:29: E225 missing whitespace around operator
[6.660s] 3: 
[6.660s] 3: ./articubot_one/obstacle_avoidance.py:91:12: E111 indentation is not a multiple of 4
[6.660s] 3: 
[6.660s] 3: ./articubot_one/obstacle_avoidance.py:93:12: E111 indentation is not a multiple of 4
[6.660s] 3: 
[6.660s] 3: ./articubot_one/obstacle_avoidance.py:93:35: F541 f-string is missing placeholders
[6.660s] 3: 
[6.660s] 3: ./articubot_one/obstacle_avoidance.py:93:59: W291 trailing whitespace
[6.661s] 3: 
[6.661s] 3: ./articubot_one/obstacle_avoidance.py:95:1: E302 expected 2 blank lines, found 1
[6.661s] 3: 
[6.661s] 3: ./articubot_one/obstacle_avoidance.py:99:25: E261 at least two spaces before inline comment
[6.661s] 3: 
[6.661s] 3: ./articubot_one/obstacle_avoidance.py:101:100: E501 line too long (100 > 99 characters)
[6.661s] 3: 
[6.661s] 3: ./articubot_one/obstacle_avoidance.py:116:1: E305 expected 2 blank lines after class or function definition, found 1
[6.661s] 3: 
[6.661s] 3: ./articubot_one/obstacle_avoidance.py:117:11: W291 trailing whitespace
[6.662s] 3: 
[6.662s] 3: ./launch/ball_tracker.launch.py:2:1: I201 Missing newline between import groups. 'from ament_index_python.packages import get_package_share_directory' is identified as Third Party and 'import os' is identified as Stdlib.
[6.662s] 3: 
[6.662s] 3: ./launch/ball_tracker.launch.py:8:1: I100 Import statements are in the wrong order. 'from launch.actions import DeclareLaunchArgument' should be before 'from launch.substitutions import PythonExpression'
[6.662s] 3: 
[6.662s] 3: ./launch/ball_tracker.launch.py:13:20: E225 missing whitespace around operator
[6.662s] 3: 
[6.662s] 3: ./launch/ball_tracker.launch.py:17:83: E231 missing whitespace after ','
[6.662s] 3: 
[6.662s] 3: ./launch/ball_tracker.launch.py:17:92: E231 missing whitespace after ','
[6.663s] 3: 
[6.663s] 3: ./launch/ball_tracker.launch.py:17:100: E501 line too long (123 > 99 characters)
[6.663s] 3: 
[6.663s] 3: ./launch/ball_tracker.launch.py:18:85: E231 missing whitespace after ','
[6.663s] 3: 
[6.663s] 3: ./launch/ball_tracker.launch.py:18:94: E231 missing whitespace after ','
[6.663s] 3: 
[6.663s] 3: ./launch/ball_tracker.launch.py:18:100: E501 line too long (127 > 99 characters)
[6.663s] 3: 
[6.664s] 3: ./launch/ball_tracker.launch.py:20:40: E231 missing whitespace after ','
[6.664s] 3: 
[6.664s] 3: ./launch/ball_tracker.launch.py:20:100: E501 line too long (129 > 99 characters)
[6.664s] 3: 
[6.664s] 3: ./launch/ball_tracker.launch.py:24:100: E501 line too long (103 > 99 characters)
[6.664s] 3: 
[6.664s] 3: ./launch/ball_tracker.launch.py:25:21: E131 continuation line unaligned for hanging indent
[6.664s] 3: 
[6.664s] 3: ./launch/ball_tracker.launch.py:26:37: E128 continuation line under-indented for visual indent
[6.664s] 3: 
[6.665s] 3: ./launch/ball_tracker.launch.py:27:37: E128 continuation line under-indented for visual indent
[6.665s] 3: 
[6.665s] 3: ./launch/ball_tracker.launch.py:28:37: E128 continuation line under-indented for visual indent
[6.665s] 3: 
[6.665s] 3: ./launch/camera.launch.py:1:1: F401 'os' imported but unused
[6.665s] 3: 
[6.665s] 3: ./launch/camera.launch.py:6:1: E302 expected 2 blank lines, found 1
[6.665s] 3: 
[6.665s] 3: ./launch/camera.launch.py:10:5: E303 too many blank lines (3)
[6.665s] 3: 
[6.666s] 3: ./launch/camera.launch.py:18:35: E231 missing whitespace after ','
[6.666s] 3: 
[6.666s] 3: ./launch/camera.launch.py:22:5: E122 continuation line missing indentation or outdented
[6.666s] 3: 
[6.666s] 3: from launch.substitutions import LaunchConfiguration
[6.666s] 3: ^
[6.666s] 3: from launch.actions import DeclareLaunchArgument
[6.666s] 3: ^
[6.666s] 3: import os
[6.666s] 3: ^
[6.667s] 3: from ament_index_python.packages import get_package_share_directory
[6.667s] 3: ^
[6.667s] 3: def generate_launch_description():
[6.667s] 3: ^
[6.667s] 3:     joy_params = os.path.join(get_package_share_directory('articubot_one'),'config','joystick.yaml')
[6.667s] 3:                                                                           ^
[6.667s] 3:     joy_params = os.path.join(get_package_share_directory('articubot_one'),'config','joystick.yaml')
[6.667s] 3:                                                                                    ^
[6.667s] 3:     joy_params = os.path.join(get_package_share_directory('articubot_one'),'config','joystick.yaml')
[6.667s] 3:                                                                                                    ^
[6.668s] 3:             remappings=[('/cmd_vel','/cmd_vel_joy')]
[6.668s] 3:                                    ^
[6.668s] 3:             remappings=[('/cmd_vel_in','/diff_cont/cmd_vel_unstamped'),
[6.668s] 3:                                       ^
[6.668s] 3:                         ('/cmd_vel_out','/diff_cont/cmd_vel')]
[6.668s] 3:                                        ^
[6.668s] 3:     return LaunchDescription([
[6.668s] 3:     ^
[6.668s] 3:         twist_stamper       
[6.668s] 3:                      ^
[6.669s] 3:     ])      ^
[6.669s] 3: from launch.actions import RegisterEventHandler
[6.669s] 3: ^
[6.669s] 3: def generate_launch_description():
[6.669s] 3: ^
[6.669s] 3:     # Include the robot_state_publisher launch file, provided by our own package. Force sim time to be enabled
[6.669s] 3:     ^
[6.669s] 3:     # Include the robot_state_publisher launch file, provided by our own package. Force sim time to be enabled
[6.669s] 3:                                                                                                    ^
[6.670s] 3:     package_name='articubot_one' #<--- CHANGE ME
[6.670s] 3:                 ^
[6.670s] 3:     package_name='articubot_one' #<--- CHANGE ME
[6.670s] 3:                                 ^
[6.670s] 3:     package_name='articubot_one' #<--- CHANGE ME
[6.670s] 3:                                  ^
[6.670s] 3:                     get_package_share_directory(package_name),'launch','rsp.launch.py'
[6.670s] 3:                                                              ^
[6.670s] 3:                     get_package_share_directory(package_name),'launch','rsp.launch.py'
[6.670s] 3:                                                                       ^
[6.670s] 3:     twist_mux_params = os.path.join(get_package_share_directory(package_name),'config','twist_mux.yaml')
[6.671s] 3:     ^
[6.671s] 3:     twist_mux_params = os.path.join(get_package_share_directory(package_name),'config','twist_mux.yaml')
[6.671s] 3:                                                                              ^
[6.671s] 3:     twist_mux_params = os.path.join(get_package_share_directory(package_name),'config','twist_mux.yaml')
[6.671s] 3:                                                                                       ^
[6.671s] 3:     twist_mux_params = os.path.join(get_package_share_directory(package_name),'config','twist_mux.yaml')
[6.671s] 3:                                                                                                    ^
[6.671s] 3:             package="twist_mux",
[6.671s] 3:                     ^
[6.671s] 3:             executable="twist_mux",
[6.672s] 3:                        ^
[6.672s] 3:             remappings=[('/cmd_vel_out','/diff_cont/cmd_vel_unstamped')]
[6.672s] 3:                                        ^
[6.672s] 3:     
[6.672s] 3: ^
[6.672s] 3:     robot_description = Command(['ros2 param get --hide-type /robot_state_publisher robot_description'])
[6.672s] 3:     ^
[6.672s] 3:     robot_description = Command(['ros2 param get --hide-type /robot_state_publisher robot_description'])
[6.672s] 3:                                                                                                    ^
[6.672s] 3:     controller_params_file = os.path.join(get_package_share_directory(package_name),'config','my_controllers.yaml')
[6.673s] 3:                                                                                    ^
[6.673s] 3:     controller_params_file = os.path.join(get_package_share_directory(package_name),'config','my_controllers.yaml')
[6.673s] 3:                                                                                             ^
[6.673s] 3:     controller_params_file = os.path.join(get_package_share_directory(package_name),'config','my_controllers.yaml')
[6.673s] 3:                                                                                                    ^
[6.673s] 3:         package="controller_manager",
[6.674s] 3:                 ^
[6.674s] 3:         executable="ros2_control_node",
[6.674s] 3:                    ^
[6.675s] 3:         package="controller_manager",
[6.675s] 3:                 ^
[6.675s] 3:         executable="spawner",
[6.675s] 3:                    ^
[6.675s] 3:         arguments=["diff_cont"],
[6.675s] 3:                    ^
[6.675s] 3:         package="controller_manager",
[6.675s] 3:                 ^
[6.675s] 3:         executable="spawner",
[6.675s] 3:                    ^
[6.676s] 3:         arguments=["joint_broad"],
[6.676s] 3:                    ^
[6.676s] 3:     # Code for delaying a node (I haven't tested how effective it is)
[6.676s] 3:     ^
[6.676s] 3:     # 
[6.676s] 3:      ^
[6.676s] 3:     # Launch them all!
[6.676s] 3:     ^
[6.676s] 3: from launch.actions import IncludeLaunchDescription, DeclareLaunchArgument
[6.677s] 3: ^
[6.677s] 3: def generate_launch_description():
[6.677s] 3: ^
[6.677s] 3:     # Include the robot_state_publisher launch file, provided by our own package. Force sim time to be enabled
[6.677s] 3:     ^
[6.677s] 3:     # Include the robot_state_publisher launch file, provided by our own package. Force sim time to be enabled
[6.677s] 3:                                                                                                    ^
[6.677s] 3:     package_name='articubot_one' #<--- CHANGE ME
[6.677s] 3:                 ^
[6.677s] 3:     package_name='articubot_one' #<--- CHANGE ME
[6.678s] 3:                                 ^
[6.678s] 3:     package_name='articubot_one' #<--- CHANGE ME
[6.678s] 3:                                  ^
[6.678s] 3:                     get_package_share_directory(package_name),'launch','rsp.launch.py'
[6.678s] 3:                                                              ^
[6.678s] 3:                     get_package_share_directory(package_name),'launch','rsp.launch.py'
[6.678s] 3:                                                                       ^
[6.678s] 3:                     get_package_share_directory(package_name),'launch','joystick.launch.py'
[6.678s] 3:                                                              ^
[6.679s] 3:                     get_package_share_directory(package_name),'launch','joystick.launch.py'
[6.679s] 3:                                                                       ^
[6.679s] 3:     twist_mux_params = os.path.join(get_package_share_directory(package_name),'config','twist_mux.yaml')
[6.679s] 3:                                                                              ^
[6.679s] 3:     twist_mux_params = os.path.join(get_package_share_directory(package_name),'config','twist_mux.yaml')
[6.679s] 3:                                                                                       ^
[6.679s] 3:     twist_mux_params = os.path.join(get_package_share_directory(package_name),'config','twist_mux.yaml')
[6.680s] 3:                                                                                                    ^
[6.680s] 3:             package="twist_mux",
[6.680s] 3:                     ^
[6.680s] 3:             executable="twist_mux",
[6.680s] 3:                        ^
[6.680s] 3:             remappings=[('/cmd_vel_out','/diff_cont/cmd_vel_unstamped')]
[6.681s] 3:                                        ^
[6.681s] 3:     default_world = os.path.join(
[6.681s] 3:     ^
[6.681s] 3:         )    
[6.681s] 3:          ^
[6.682s] 3:     
[6.682s] 3: ^
[6.682s] 3:                     launch_arguments={'gz_args': ['-r -v4 ', world], 'on_exit_shutdown': 'true'}.items()
[6.682s] 3:                     ^
[6.682s] 3:                     launch_arguments={'gz_args': ['-r -v4 ', world], 'on_exit_shutdown': 'true'}.items()
[6.683s] 3:                                                                                                    ^
[6.683s] 3:     # Run the spawner node from the ros_gz_sim package. The entity name doesn't really matter if you only have a single robot.
[6.683s] 3:                                                                                                    ^
[6.683s] 3:     diff_drive_spawner = Node(
[6.683s] 3:     ^
[6.684s] 3:         package="controller_manager",
[6.684s] 3:                 ^
[6.684s] 3:         executable="spawner",
[6.684s] 3:                    ^
[6.684s] 3:         arguments=["diff_cont"],
[6.685s] 3:                    ^
[6.685s] 3:         package="controller_manager",
[6.685s] 3:                 ^
[6.685s] 3:         executable="spawner",
[6.685s] 3:                    ^
[6.686s] 3:         arguments=["joint_broad"],
[6.686s] 3:                    ^
[6.686s] 3:     bridge_params = os.path.join(get_package_share_directory(package_name),'config','gz_bridge.yaml')
[6.686s] 3:     ^
[6.686s] 3:     bridge_params = os.path.join(get_package_share_directory(package_name),'config','gz_bridge.yaml')
[6.687s] 3:                                                                           ^
[6.687s] 3:     bridge_params = os.path.join(get_package_share_directory(package_name),'config','gz_bridge.yaml')
[6.687s] 3:                                                                                    ^
[6.687s] 3:     bridge_params = os.path.join(get_package_share_directory(package_name),'config','gz_bridge.yaml')
[6.687s] 3:                                                                                                    ^
[6.687s] 3:         package="ros_gz_bridge",
[6.688s] 3:                 ^
[6.688s] 3:         executable="parameter_bridge",
[6.688s] 3:                    ^
[6.688s] 3:         package="ros_gz_image",
[6.688s] 3:                 ^
[6.689s] 3:         executable="image_bridge",
[6.689s] 3:                    ^
[6.689s] 3:         arguments=["/camera/image_raw"]
[6.689s] 3:                    ^
[6.689s] 3:     # Code for delaying a node (I haven't tested how effective it is)
[6.690s] 3:     ^
[6.690s] 3:     # 
[6.690s] 3:      ^
[6.690s] 3:     # Launch them all!
[6.690s] 3:     ^
[6.691s] 3: from ament_index_python.packages import get_package_share_directory
[6.691s] 3: ^
[6.691s] 3:     default_params_file = os.path.join(get_package_share_directory("articubot_one"),
[6.691s] 3:                                                                    ^
[6.691s] 3: import os
[6.692s] 3: ^
[6.692s] 3: ./launch/joystick.launch.py:3:1: I100 Import statements are in the wrong order. 'from launch.substitutions import LaunchConfiguration' should be before 'from launch_ros.actions import Node'
[6.692s] 3: 
[6.692s] 3: ./launch/joystick.launch.py:4:1: I100 Import statements are in the wrong order. 'from launch.actions import DeclareLaunchArgument' should be before 'from launch.substitutions import LaunchConfiguration'
[6.692s] 3: 
[6.693s] 3: ./launch/joystick.launch.py:6:1: I100 Import statements are in the wrong order. 'import os' should be before 'from launch.actions import DeclareLaunchArgument' and in a different group.
[6.693s] 3: 
[6.693s] 3: ./launch/joystick.launch.py:7:1: I201 Missing newline between import groups. 'from ament_index_python.packages import get_package_share_directory' is identified as Third Party and 'import os' is identified as Stdlib.
[6.693s] 3: 
[6.693s] 3: ./launch/joystick.launch.py:9:1: E302 expected 2 blank lines, found 1
[6.693s] 3: 
[6.694s] 3: ./launch/joystick.launch.py:12:75: E231 missing whitespace after ','
[6.694s] 3: 
[6.694s] 3: ./launch/joystick.launch.py:12:84: E231 missing whitespace after ','
[6.694s] 3: 
[6.694s] 3: ./launch/joystick.launch.py:12:100: E501 line too long (100 > 99 characters)
[6.694s] 3: 
[6.694s] 3: ./launch/joystick.launch.py:25:36: E231 missing whitespace after ','
[6.694s] 3: 
[6.694s] 3: ./launch/joystick.launch.py:32:39: E231 missing whitespace after ','
[6.694s] 3: 
[6.695s] 3: ./launch/joystick.launch.py:33:40: E231 missing whitespace after ','
[6.695s] 3: 
[6.695s] 3: ./launch/joystick.launch.py:37:5: E303 too many blank lines (2)
[6.695s] 3: 
[6.695s] 3: ./launch/joystick.launch.py:44:22: W291 trailing whitespace
[6.695s] 3: 
[6.695s] 3: ./launch/joystick.launch.py:45:7: W292 no newline at end of file
[6.695s] 3: 
[6.695s] 3: ./launch/launch_robot.launch.py:10:1: I100 Import statements are in the wrong order. 'from launch.actions import RegisterEventHandler' should be before 'from launch.substitutions import Command'
[6.695s] 3: 
[6.696s] 3: ./launch/launch_robot.launch.py:17:1: E303 too many blank lines (3)
[6.696s] 3: 
[6.696s] 3: ./launch/launch_robot.launch.py:20:5: E303 too many blank lines (2)
[6.696s] 3: 
[6.696s] 3: ./launch/launch_robot.launch.py:20:100: E501 line too long (110 > 99 characters)
[6.696s] 3: 
[6.696s] 3: ./launch/launch_robot.launch.py:23:17: E225 missing whitespace around operator
[6.696s] 3: 
[6.696s] 3: ./launch/launch_robot.launch.py:23:33: E261 at least two spaces before inline comment
[6.696s] 3: 
[6.697s] 3: ./launch/launch_robot.launch.py:23:34: E262 inline comment should start with '# '
[6.697s] 3: 
[6.697s] 3: ./launch/launch_robot.launch.py:27:62: E231 missing whitespace after ','
[6.697s] 3: 
[6.697s] 3: ./launch/launch_robot.launch.py:27:71: E231 missing whitespace after ','
[6.697s] 3: 
[6.697s] 3: ./launch/launch_robot.launch.py:38:5: E303 too many blank lines (2)
[6.697s] 3: 
[6.697s] 3: ./launch/launch_robot.launch.py:38:78: E231 missing whitespace after ','
[6.697s] 3: 
[6.698s] 3: ./launch/launch_robot.launch.py:38:87: E231 missing whitespace after ','
[6.698s] 3: 
[6.698s] 3: ./launch/launch_robot.launch.py:38:100: E501 line too long (104 > 99 characters)
[6.698s] 3: 
[6.698s] 3: ./launch/launch_robot.launch.py:40:21: Q000 Double quotes found but single quotes preferred
[6.698s] 3: 
[6.698s] 3: ./launch/launch_robot.launch.py:41:24: Q000 Double quotes found but single quotes preferred
[6.698s] 3: 
[6.698s] 3: ./launch/launch_robot.launch.py:43:40: E231 missing whitespace after ','
[6.698s] 3: 
[6.699s] 3: ./launch/launch_robot.launch.py:46:1: W293 blank line contains whitespace
[6.699s] 3: 
[6.699s] 3: ./launch/launch_robot.launch.py:49:5: E303 too many blank lines (4)
[6.699s] 3: 
[6.699s] 3: ./launch/launch_robot.launch.py:49:100: E501 line too long (104 > 99 characters)
[6.699s] 3: 
[6.699s] 3: ./launch/launch_robot.launch.py:51:84: E231 missing whitespace after ','
[6.699s] 3: 
[6.699s] 3: ./launch/launch_robot.launch.py:51:93: E231 missing whitespace after ','
[6.699s] 3: 
[6.700s] 3: ./launch/launch_robot.launch.py:51:100: E501 line too long (115 > 99 characters)
[6.700s] 3: 
[6.700s] 3: ./launch/launch_robot.launch.py:54:17: Q000 Double quotes found but single quotes preferred
[6.700s] 3: 
[6.700s] 3: ./launch/launch_robot.launch.py:55:20: Q000 Double quotes found but single quotes preferred
[6.700s] 3: 
[6.700s] 3: ./launch/launch_robot.launch.py:63:17: Q000 Double quotes found but single quotes preferred
[6.700s] 3: 
[6.700s] 3: ./launch/launch_robot.launch.py:64:20: Q000 Double quotes found but single quotes preferred
[6.700s] 3: 
[6.700s] 3: ./launch/launch_robot.launch.py:65:20: Q000 Double quotes found but single quotes preferred
[6.701s] 3: 
[6.701s] 3: ./launch/launch_robot.launch.py:76:17: Q000 Double quotes found but single quotes preferred
[6.701s] 3: 
[6.701s] 3: ./launch/launch_robot.launch.py:77:20: Q000 Double quotes found but single quotes preferred
[6.701s] 3: 
[6.701s] 3: ./launch/launch_robot.launch.py:78:20: Q000 Double quotes found but single quotes preferred
[6.701s] 3: 
[6.701s] 3: ./launch/launch_robot.launch.py:89:5: E303 too many blank lines (2)
[6.701s] 3: 
[6.701s] 3: ./launch/launch_robot.launch.py:90:6: W291 trailing whitespace
[6.702s] 3: 
[6.702s] 3: ./launch/launch_robot.launch.py:107:5: E303 too many blank lines (3)
[6.702s] 3: 
[6.702s] 3: ./launch/launch_sim.launch.py:7:1: I101 Imported names are in the wrong order. Should be DeclareLaunchArgument, IncludeLaunchDescription
[6.702s] 3: 
[6.702s] 3: ./launch/launch_sim.launch.py:15:1: E303 too many blank lines (3)
[6.702s] 3: 
[6.702s] 3: ./launch/launch_sim.launch.py:18:5: E303 too many blank lines (2)
[6.702s] 3: 
[6.702s] 3: ./launch/launch_sim.launch.py:18:100: E501 line too long (110 > 99 characters)
[6.703s] 3: 
[6.703s] 3: ./launch/launch_sim.launch.py:21:17: E225 missing whitespace around operator
[6.703s] 3: 
[6.703s] 3: ./launch/launch_sim.launch.py:21:33: E261 at least two spaces before inline comment
[6.703s] 3: 
[6.703s] 3: ./launch/launch_sim.launch.py:21:34: E262 inline comment should start with '# '
[6.703s] 3: 
[6.703s] 3: ./launch/launch_sim.launch.py:25:62: E231 missing whitespace after ','
[6.703s] 3: 
[6.703s] 3: ./launch/launch_sim.launch.py:25:71: E231 missing whitespace after ','
[6.704s] 3: 
[6.704s] 3: ./launch/launch_sim.launch.py:31:62: E231 missing whitespace after ','
[6.704s] 3: 
[6.704s] 3: ./launch/launch_sim.launch.py:31:71: E231 missing whitespace after ','
[6.704s] 3: 
[6.704s] 3: ./launch/launch_sim.launch.py:35:78: E231 missing whitespace after ','
[6.704s] 3: 
[6.704s] 3: ./launch/launch_sim.launch.py:35:87: E231 missing whitespace after ','
[6.704s] 3: 
[6.704s] 3: ./launch/launch_sim.launch.py:35:100: E501 line too long (104 > 99 characters)
[6.705s] 3: 
[6.705s] 3: ./launch/launch_sim.launch.py:37:21: Q000 Double quotes found but single quotes preferred
[6.705s] 3: 
[6.705s] 3: ./launch/launch_sim.launch.py:38:24: Q000 Double quotes found but single quotes preferred
[6.705s] 3: 
[6.705s] 3: ./launch/launch_sim.launch.py:40:40: E231 missing whitespace after ','
[6.705s] 3: 
[6.705s] 3: ./launch/launch_sim.launch.py:44:5: E303 too many blank lines (2)
[6.705s] 3: 
[6.705s] 3: ./launch/launch_sim.launch.py:48:10: W291 trailing whitespace
[6.706s] 3: 
[6.706s] 3: ./launch/launch_sim.launch.py:49:1: W293 blank line contains whitespace
[6.706s] 3: 
[6.706s] 3: ./launch/launch_sim.launch.py:62:21: E131 continuation line unaligned for hanging indent
[6.706s] 3: 
[6.706s] 3: ./launch/launch_sim.launch.py:62:100: E501 line too long (104 > 99 characters)
[6.706s] 3: 
[6.706s] 3: ./launch/launch_sim.launch.py:65:100: E501 line too long (126 > 99 characters)
[6.706s] 3: 
[6.706s] 3: ./launch/launch_sim.launch.py:73:5: E303 too many blank lines (2)
[6.707s] 3: 
[6.707s] 3: ./launch/launch_sim.launch.py:74:17: Q000 Double quotes found but single quotes preferred
[6.707s] 3: 
[6.707s] 3: ./launch/launch_sim.launch.py:75:20: Q000 Double quotes found but single quotes preferred
[6.707s] 3: 
[6.707s] 3: ./launch/launch_sim.launch.py:76:20: Q000 Double quotes found but single quotes preferred
[6.707s] 3: 
[6.707s] 3: ./launch/launch_sim.launch.py:80:17: Q000 Double quotes found but single quotes preferred
[6.707s] 3: 
[6.707s] 3: ./launch/launch_sim.launch.py:81:20: Q000 Double quotes found but single quotes preferred
[6.708s] 3: 
[6.708s] 3: ./launch/launch_sim.launch.py:82:20: Q000 Double quotes found but single quotes preferred
[6.708s] 3: 
[6.708s] 3: ./launch/launch_sim.launch.py:86:5: E303 too many blank lines (2)
[6.708s] 3: 
[6.708s] 3: ./launch/launch_sim.launch.py:86:75: E231 missing whitespace after ','
[6.708s] 3: 
[6.708s] 3: ./launch/launch_sim.launch.py:86:84: E231 missing whitespace after ','
[6.708s] 3: 
[6.708s] 3: ./launch/launch_sim.launch.py:86:100: E501 line too long (101 > 99 characters)
[6.708s] 3: 
[6.709s] 3: ./launch/launch_sim.launch.py:88:17: Q000 Double quotes found but single quotes preferred
[6.709s] 3: 
[6.709s] 3: ./launch/launch_sim.launch.py:89:20: Q000 Double quotes found but single quotes preferred
[6.709s] 3: 
[6.709s] 3: ./launch/launch_sim.launch.py:98:17: Q000 Double quotes found but single quotes preferred
[6.709s] 3: 
[6.709s] 3: ./launch/launch_sim.launch.py:99:20: Q000 Double quotes found but single quotes preferred
[6.709s] 3: 
[6.709s] 3: ./launch/launch_sim.launch.py:100:20: Q000 Double quotes found but single quotes preferred
[6.709s] 3: 
[6.710s] 3: ./launch/launch_sim.launch.py:105:5: E303 too many blank lines (3)
[6.710s] 3: 
[6.710s] 3: ./launch/launch_sim.launch.py:106:6: W291 trailing whitespace
[6.710s] 3: 
[6.710s] 3: ./launch/launch_sim.launch.py:123:5: E303 too many blank lines (3)
[6.710s] 3: 
[6.710s] 3: ./launch/online_async_launch.py:8:1: I100 Import statements are in the wrong order. 'from ament_index_python.packages import get_package_share_directory' should be before 'from launch_ros.actions import Node'
[6.710s] 3: 
[6.710s] 3: ./launch/online_async_launch.py:15:68: Q000 Double quotes found but single quotes preferred
[6.710s] 3: 
[6.711s] 3: ./launch/rplidar.launch.py:1:1: F401 'os' imported but unused
[6.711s] 3: 
[6.711s] 3: ./launch/rplidar.launch.py:2:1: I201 Missing newline between import groups. 'from launch import LaunchDescription' is identified as Third Party and 'import os' is identified as Stdlib.
[6.711s] 3: from launch import LaunchDescription
[6.711s] 3: ^
[6.711s] 3: def generate_launch_description():
[6.711s] 3: ^
[6.711s] 3:                 'serial_port': '/dev/serial/by-path/platform-fd500000.pcie-pci-0000:01:00.0-usb-0:1.3:1.0-port0',
[6.711s] 3:                                                                                                    ^
[6.711s] 3: from launch.substitutions import LaunchConfiguration, Command
[6.712s] 3: ^
[6.712s] 3: from launch.actions import DeclareLaunchArgument
[6.712s] 3: ^
[6.712s] 3: import xacro
[6.712s] 3: ^
[6.712s] 3:     xacro_file = os.path.join(pkg_path,'description','robot.urdf.xacro')
[6.712s] 3:                                       ^
[6.712s] 3:     xacro_file = os.path.join(pkg_path,'description','robot.urdf.xacro')
[6.712s] 3:                                                     ^
[6.712s] 3:     robot_description_config = Command(['xacro ', xacro_file, ' use_ros2_control:=', use_ros2_control, ' sim_mode:=', use_sim_time])
[6.713s] 3:                                                                                                    ^
[6.713s] 3:     
[6.713s] 3: ^
[6.713s] 3:     # Launch!
[6.713s] 3:     ^
[6.713s] 3: import xacro
[6.713s] 3: ^
[6.713s] 3: from ament_index_python.packages import get_package_share_directory
[6.713s] 3: ^
[6.713s] 3: from launch.actions import IncludeLaunchDescription, DeclareLaunchArgument
[6.714s] 3: ^
[6.714s] 3: from launch.conditions import IfCondition, UnlessCondition
[6.714s] 3: ^
[6.714s] 3:     # Include the robot_state_publisher launch file, provided by our own package. Force sim time to be enabled
[6.714s] 3:     ^
[6.714s] 3:     # Include the robot_state_publisher launch file, provided by our own package. Force sim time to be enabled
[6.714s] 3:                                                                                                    ^
[6.714s] 3:     package_name='articubot_one' #<--- CHANGE ME
[6.714s] 3:                 ^
[6.714s] 3:     package_name='articubot_one' #<--- CHANGE ME
[6.715s] 3:                                 ^
[6.715s] 3:     package_name='articubot_one' #<--- CHANGE ME
[6.715s] 3:                                  ^
[6.715s] 3:                     get_package_share_directory(package_name),'launch','rsp.launch.py'
[6.715s] 3:                                                              ^
[6.715s] 3:                     get_package_share_directory(package_name),'launch','rsp.launch.py'
[6.715s] 3:                                                                       ^
[6.715s] 3:         )    
[6.715s] 3:          ^
[6.715s] 3:     
[6.715s] 3: ^
[6.716s] 3:                     launch_arguments={'gz_args': ['-r -v4 ', world], 'on_exit_shutdown': 'true'}.items()
[6.716s] 3:                     ^
[6.716s] 3:                     launch_arguments={'gz_args': ['-r -v4 ', world], 'on_exit_shutdown': 'true'}.items()
[6.716s] 3:                                                                                                    ^
[6.716s] 3:     # Run the spawner node from the ros_gz_sim package. The entity name doesn't really matter if you only have a single robot.
[6.716s] 3:                                                                                                    ^
[6.716s] 3:     '''
[6.716s] 3:     bridge_params = os.path.join(get_package_share_directory(package_name),'config','gz_bridge.yaml')
[6.716s] 3:     ros_gz_bridge = Node(
[6.716s] 3:         package="ros_gz_bridge",
[6.717s] 3:         executable="parameter_bridge",
[6.717s] 3:         arguments=[
[6.717s] 3:             '--ros-args',
[6.717s] 3:             '-p',
[6.717s] 3:             f'config_file:={bridge_params}',
[6.717s] 3:         ]
[6.717s] 3:     )
[6.717s] 3:     '''
[6.717s] 3:     ^
[6.718s] 3:     '''
[6.718s] 3:     bridge_params = os.path.join(get_package_share_directory(package_name),'config','gz_bridge.yaml')
[6.718s] 3:     ros_gz_bridge = Node(
[6.718s] 3:         package="ros_gz_bridge",
[6.718s] 3:         executable="parameter_bridge",
[6.718s] 3:         arguments=[
[6.718s] 3:             '--ros-args',
[6.718s] 3:             '-p',
[6.718s] 3:             f'config_file:={bridge_params}',
[6.718s] 3:         ]
[6.718s] 3:     )
[6.719s] 3:     '''
[6.719s] 3:     ^
[6.719s] 3:     '''
[6.719s] 3:     bridge_params = os.path.join(get_package_share_directory(package_name),'config','gz_bridge.yaml')
[6.719s] 3:     ros_gz_bridge = Node(
[6.719s] 3:         package="ros_gz_bridge",
[6.719s] 3:         executable="parameter_bridge",
[6.719s] 3:         arguments=[
[6.719s] 3:             '--ros-args',
[6.719s] 3:             '-p',
[6.720s] 3:             f'config_file:={bridge_params}',
[6.720s] 3:         ]
[6.720s] 3:     )
[6.720s] 3:     '''
[6.720s] 3:        
[6.720s] 3:                                                                                            ^
[6.720s] 3:     package='ros_gz_bridge',
[6.720s] 3:     ^
[6.720s] 3:     executable='parameter_bridge',
[6.720s] 3:     ^
[6.721s] 3:     arguments=[
[6.721s] 3:     ^
[6.721s] 3:           '/odom@nav_msgs/msg/Odometry@gz.msgs.Odometry',
[6.721s] 3:           ^
[6.721s] 3:          '/scan@sensor_msgs/msg/LaserScan@gz.msgs.LaserScan',
[6.721s] 3:          ^
[6.721s] 3:     output='screen'
[6.721s] 3:     ^
[6.721s] 3: )
[6.721s] 3: ^
[6.722s] 3:         package="ros_gz_image",
[6.722s] 3:                 ^
[6.722s] 3:         executable="image_bridge",
[6.722s] 3:                    ^
[6.722s] 3:         arguments=["/camera/image_raw"]
[6.722s] 3:                    ^
[6.722s] 3:     #Adding rviz plugin
[6.722s] 3:     ^
[6.722s] 3:     share_dir=get_package_share_directory('articubot_one')
[6.722s] 3:              ^
[6.723s] 3:     
[6.723s] 3: ^
[6.723s] 3:         
[6.723s] 3: ^
[6.723s] 3:         
[6.723s] 3: ^
[6.723s] 3:         
[6.723s] 3: ^
[6.723s] 3: import time 
[6.723s] 3: ^
[6.723s] 3: import time 
[6.724s] 3: ^
[6.724s] 3: import time 
[6.724s] 3:            ^
[6.724s] 3: from rclpy.executors import SingleThreadedExecutor
[6.724s] 3: ^
[6.724s] 3: from sensor_msgs.msg import LaserScan
[6.724s] 3: ^
[6.724s] 3: from geometry_msgs.msg import Twist 
[6.724s] 3: ^
[6.725s] 3: from geometry_msgs.msg import Twist 
[6.725s] 3: ^
[6.725s] 3: from geometry_msgs.msg import Twist 
[6.725s] 3:                                    ^
[6.725s] 3: from articubot_one.obstacle_avoidance import Obstacle 
[6.725s] 3: ^
[6.725s] 3: from articubot_one.obstacle_avoidance import Obstacle 
[6.725s] 3:                                                      ^
[6.725s] 3: @pytest.fixture(scope='module')
[6.725s] 3: ^
[6.726s] 3: @pytest.fixture
[6.726s] 3: ^
[6.726s] 3:              executor.spin_once(0.1) # Spin briefly to process events
[6.726s] 3:              ^
[6.726s] 3:              executor.spin_once(0.1) # Spin briefly to process events
[6.726s] 3:              ^
[6.726s] 3:              executor.spin_once(0.1) # Spin briefly to process events
[6.726s] 3:                                     ^
[6.726s] 3:         yield node, executor # Yield the node and executor
[6.726s] 3:                             ^
[6.727s] 3:              executor.shutdown()
[6.727s] 3:              ^
[6.727s] 3:              executor.shutdown()
[6.727s] 3:              ^
[6.727s] 3:     assert node.get_name() == "Laser_Obstacle_Avoidance"
[6.727s] 3:                               ^
[6.727s] 3:     assert node.laser_sub.topic_name == '/scan' # Often includes the leading slash in ROS 2
[6.727s] 3:                                                ^
[6.727s] 3:     assert node.cmd_vel_pub.topic_name == '/cmd_vel' # Often includes the leading slash
[6.727s] 3:                                                     ^
[6.728s] 3:         assert isinstance(threshold, float), f"expect the threshold to be a float"
[6.728s] 3:                                              ^
[6.728s] 3:         assert isinstance(threshold, float), f"expect the threshold to be a float"
[6.728s] 3:                                              ^
[6.728s] 3:         assert isinstance(scan_topic, str), f"expect the scan topic to be a string"
[6.728s] 3:                                             ^
[6.728s] 3:         assert isinstance(scan_topic, str), f"expect the scan topic to be a string"
[6.728s] 3:                                             ^
[6.728s] 3:         assert isinstance(cmd_topic, str), f"expect the cmd velocity command to be a string"
[6.728s] 3:                                            ^
[6.729s] 3:         assert isinstance(cmd_topic, str), f"expect the cmd velocity command to be a string"
[6.729s] 3:                                            ^
[6.729s] 3:         assert isinstance(front_sector_angle, float), f'expect the angle of sector to be a float'
[6.729s] 3:                                                       ^
[6.729s] 3:         assert scan_topic == "scan"
[6.729s] 3:                              ^
[6.729s] 3:         assert cmd_topic == "cmd_vel"
[6.729s] 3:                             ^
[6.729s] 3:         pytest.fail(f"Parameter not declared: {e}")
[6.729s] 3:                     ^
[6.730s] 3:         pytest.fail(f"Error getting parameter: {e}")
[6.730s] 3:                     ^
[6.730s] 3: '''
[6.730s] 3: def test_node_creation():
[6.730s] 3:     rclpy.init
[6.730s] 3:     try :
[6.730s] 3:         node=Obstacle()
[6.730s] 3:         # verify that the node has the expected name
[6.730s] 3:         assert node.get_name()=="Laser_Obstacle_Avoidance"
[6.730s] 3:         # verify that the node has the subscribed to the correct topic by name
[6.731s] 3:         assert hasattr(node,'laser_sub')
[6.731s] 3:         assert node.laser_sub.topic_name == 'scan'
[6.731s] 3:         # verify that the node is publishing to the correct topic by name 
[6.731s] 3:         assert hasattr(node,'cmd_vel_pub')
[6.731s] 3:         assert node.cmd_vel_pub.topic_name == 'cmd_vel'
[6.731s] 3:     finally :
[6.731s] 3:         rclpy.shutdown
[6.731s] 3: def test_parameter_node():
[6.731s] 3:     rclpy.init
[6.731s] 3:     try :
[6.732s] 3:         pass
[6.732s] 3:     finally :
[6.732s] 3:         rclpy.shutdown
[6.732s] 3: def test_obstacle():
[6.732s] 3:     rclpy.init
[6.732s] 3:     try :
[6.732s] 3:         node=Obstacle()
[6.732s] 3:         #get values of parameters
[6.732s] 3:         threshold=node.get_parameter('threshold_distance').value
[6.732s] 3:         scan_topic=node.get_parameter("laser_scan_topic").value
[6.733s] 3:         cmd_topic=node.get_parameter("cmd_vel_topic").value
[6.733s] 3:         front_sector_angle=node.get_parameter("frontal_detection_angle_deg").value
[6.733s] 3:         # assert the values are correct as expected 
[6.733s] 3:         # 1- check if the parameters are of expected classes 
[6.733s] 3:         assert isinstance(threshold,float) ,f"expect the threshold to be a float"
[6.733s] 3:         assert isinstance(scan_topic,str), f"expect the scan topic to be a string"
[6.733s] 3:         assert isinstance(cmd_topic,str), f"expect the cmd velocity command to be a string"
[6.733s] 3:         assert isinstance(front_sector_angle,float),f'expect the angle of sector to be a float'
[6.733s] 3:         # 2- check if the values of the parameters are correct 
[6.733s] 3:         assert threshold == 0.5
[6.734s] 3:         assert scan_topic== "scan"
[6.734s] 3:         assert cmd_topic == "cmd_vel"
[6.734s] 3:         assert front_sector_angle == 60.0 
[6.734s] 3:     finally :
[6.734s] 3:         rclpy.shutdown
[6.734s] 3: 
[6.734s] 3: 
[6.734s] 3: if __name__=='__main__' :
[6.734s] 3:     pytest.main(['-v'])
[6.735s] 3: 
[6.735s] 3: '''    ^
[6.735s] 3: '''
[6.735s] 3: def test_node_creation():
[6.735s] 3:     rclpy.init
[6.735s] 3:     try :
[6.735s] 3:         node=Obstacle()
[6.735s] 3:         # verify that the node has the expected name
[6.735s] 3:         assert node.get_name()=="Laser_Obstacle_Avoidance"
[6.735s] 3:         # verify that the node has the subscribed to the correct topic by name
[6.735s] 3:         assert hasattr(node,'laser_sub')
[6.736s] 3:         assert node.laser_sub.topic_name == 'scan'
[6.736s] 3:         # verify that the node is publishing to the correct topic by name 
[6.736s] 3:         assert hasattr(node,'cmd_vel_pub')
[6.736s] 3:         assert node.cmd_vel_pub.topic_name == 'cmd_vel'
[6.736s] 3:     finally :
[6.736s] 3:         rclpy.shutdown
[6.736s] 3: def test_parameter_node():
[6.736s] 3:     rclpy.init
[6.736s] 3:     try :
[6.736s] 3:         pass
[6.737s] 3:     finally :
[6.737s] 3:         rclpy.shutdown
[6.737s] 3: def test_obstacle():
[6.737s] 3:     rclpy.init
[6.737s] 3:     try :
[6.737s] 3:         node=Obstacle()
[6.737s] 3:         #get values of parameters
[6.737s] 3:         threshold=node.get_parameter('threshold_distance').value
[6.737s] 3:         scan_topic=node.get_parameter("laser_scan_topic").value
[6.737s] 3:         cmd_topic=node.get_parameter("cmd_vel_topic").value
[6.738s] 3:         front_sector_angle=node.get_parameter("frontal_detection_angle_deg").value
[6.738s] 3:         # assert the values are correct as expected 
[6.738s] 3:         # 1- check if the parameters are of expected classes 
[6.738s] 3:         assert isinstance(threshold,float) ,f"expect the threshold to be a float"
[6.738s] 3:         assert isinstance(scan_topic,str), f"expect the scan topic to be a string"
[6.738s] 3:         assert isinstance(cmd_topic,str), f"expect the cmd velocity command to be a string"
[6.738s] 3:         assert isinstance(front_sector_angle,float),f'expect the angle of sector to be a float'
[6.738s] 3:         # 2- check if the values of the parameters are correct 
[6.738s] 3:         assert threshold == 0.5
[6.738s] 3:         assert scan_topic== "scan"
[6.739s] 3:         assert cmd_topic == "cmd_vel"
[6.739s] 3:         assert front_sector_angle == 60.0 
[6.739s] 3:     finally :
[6.739s] 3:         rclpy.shutdown
[6.739s] 3: 
[6.739s] 3: 
[6.739s] 3: if __name__=='__main__' :
[6.739s] 3:     pytest.main(['-v'])
[6.739s] 3: 
[6.739s] 3: '''    ^
[6.740s] 3: '''
[6.740s] 3: def test_node_creation():
[6.740s] 3:     rclpy.init
[6.740s] 3:     try :
[6.740s] 3:         node=Obstacle()
[6.740s] 3:         # verify that the node has the expected name
[6.740s] 3:         assert node.get_name()=="Laser_Obstacle_Avoidance"
[6.740s] 3:         # verify that the node has the subscribed to the correct topic by name
[6.740s] 3:         assert hasattr(node,'laser_sub')
[6.740s] 3:         assert node.laser_sub.topic_name == 'scan'
[6.741s] 3:         # verify that the node is publishing to the correct topic by name 
[6.741s] 3:         assert hasattr(node,'cmd_vel_pub')
[6.741s] 3:         assert node.cmd_vel_pub.topic_name == 'cmd_vel'
[6.741s] 3:     finally :
[6.741s] 3:         rclpy.shutdown
[6.741s] 3: def test_parameter_node():
[6.741s] 3:     rclpy.init
[6.741s] 3:     try :
[6.742s] 3:         pass
[6.742s] 3:     finally :
[6.742s] 3:         rclpy.shutdown
[6.742s] 3: def test_obstacle():
[6.742s] 3:     rclpy.init
[6.743s] 3:     try :
[6.743s] 3:         node=Obstacle()
[6.743s] 3:         #get values of parameters
[6.743s] 3:         threshold=node.get_parameter('threshold_distance').value
[6.743s] 3:         scan_topic=node.get_parameter("laser_scan_topic").value
[6.744s] 3:         cmd_topic=node.get_parameter("cmd_vel_topic").value
[6.744s] 3:         front_sector_angle=node.get_parameter("frontal_detection_angle_deg").value
[6.744s] 3:         # assert the values are correct as expected 
[6.744s] 3:         # 1- check if the parameters are of expected classes 
[6.744s] 3:         assert isinstance(threshold,float) ,f"expect the threshold to be a float"
[6.744s] 3:         assert isinstance(scan_topic,str), f"expect the scan topic to be a string"
[6.744s] 3:         assert isinstance(cmd_topic,str), f"expect the cmd velocity command to be a string"
[6.745s] 3:         assert isinstance(front_sector_angle,float),f'expect the angle of sector to be a float'
[6.745s] 3:         # 2- check if the values of the parameters are correct 
[6.745s] 3:         assert threshold == 0.5
[6.745s] 3:         assert scan_topic== "scan"
[6.745s] 3:         assert cmd_topic == "cmd_vel"
[6.745s] 3:         assert front_sector_angle == 60.0 
[6.745s] 3:     finally :
[6.745s] 3:         rclpy.shutdown
[6.745s] 3: 
[6.745s] 3: 
[6.746s] 3: if __name__=='__main__' :
[6.746s] 3:     pytest.main(['-v'])
[6.746s] 3: 
[6.746s] 3: '''       
[6.746s] 3:                          
[6.746s] 3:               
[6.746s] 3:          
[6.746s] 3:                   ^
[6.747s] 3: '''
[6.747s] 3: def test_node_creation():
[6.747s] 3:     rclpy.init
[6.748s] 3:     try :
[6.748s] 3:         node=Obstacle()
[6.748s] 3:         # verify that the node has the expected name
[6.748s] 3:         assert node.get_name()=="Laser_Obstacle_Avoidance"
[6.749s] 3:         # verify that the node has the subscribed to the correct topic by name
[6.749s] 3:         assert hasattr(node,'laser_sub')
[6.749s] 3:         assert node.laser_sub.topic_name == 'scan'
[6.749s] 3:         # verify that the node is publishing to the correct topic by name 
[6.750s] 3:         assert hasattr(node,'cmd_vel_pub')
[6.750s] 3:         assert node.cmd_vel_pub.topic_name == 'cmd_vel'
[6.750s] 3:     finally :
[6.750s] 3:         rclpy.shutdown
[6.751s] 3: def test_parameter_node():
[6.751s] 3:     rclpy.init
[6.751s] 3:     try :
[6.751s] 3:         pass
[6.752s] 3:     finally :
[6.752s] 3:         rclpy.shutdown
[6.752s] 3: def test_obstacle():
[6.753s] 3:     rclpy.init
[6.753s] 3:     try :
[6.753s] 3:         node=Obstacle()
[6.753s] 3:         #get values of parameters
[6.754s] 3:         threshold=node.get_parameter('threshold_distance').value
[6.754s] 3:         scan_topic=node.get_parameter("laser_scan_topic").value
[6.754s] 3:         cmd_topic=node.get_parameter("cmd_vel_topic").value
[6.754s] 3:         front_sector_angle=node.get_parameter("frontal_detection_angle_deg").value
[6.754s] 3:         # assert the values are correct as expected 
[6.754s] 3:         # 1- check if the parameters are of expected classes 
[6.754s] 3:         assert isinstance(threshold,float) ,f"expect the threshold to be a float"
[6.754s] 3:         assert isinstance(scan_topic,str), f"expect the scan topic to be a string"
[6.754s] 3:         assert isinstance(cmd_topic,str), f"expect the cmd velocity command to be a string"
[6.754s] 3:         assert isinstance(front_sector_angle,float),f'expect the angle of sector to be a float'
[6.755s] 3:         # 2- check if the values of the parameters are correct 
[6.755s] 3:         assert threshold == 0.5
[6.755s] 3:         assert scan_topic== "scan"
[6.755s] 3:         assert cmd_topic == "cmd_vel"
[6.755s] 3:         assert front_sector_angle == 60.0 
[6.755s] 3:     finally :
[6.755s] 3:         rclpy.shutdown
[6.755s] 3: 
[6.755s] 3: 
[6.755s] 3: if __name__=='__main__' :
[6.756s] 3:     pytest.main(['-v'])
[6.756s] 3: 
[6.756s] 3: '''       
[6.756s] 3:                          
[6.756s] 3:               
[6.756s] 3:       ^
[6.756s] 3: '''
[6.756s] 3: def test_node_creation():
[6.756s] 3:     rclpy.init
[6.756s] 3:     try :
[6.757s] 3:         node=Obstacle()
[6.757s] 3:         # verify that the node has the expected name
[6.757s] 3:         assert node.get_name()=="Laser_Obstacle_Avoidance"
[6.757s] 3:         # verify that the node has the subscribed to the correct topic by name
[6.757s] 3:         assert hasattr(node,'laser_sub')
[6.757s] 3:         assert node.laser_sub.topic_name == 'scan'
[6.757s] 3:         # verify that the node is publishing to the correct topic by name 
[6.757s] 3:         assert hasattr(node,'cmd_vel_pub')
[6.757s] 3:         assert node.cmd_vel_pub.topic_name == 'cmd_vel'
[6.757s] 3:     finally :
[6.758s] 3:         rclpy.shutdown
[6.758s] 3: def test_parameter_node():
[6.758s] 3:     rclpy.init
[6.758s] 3:     try :
[6.758s] 3:         pass
[6.758s] 3:     finally :
[6.758s] 3:         rclpy.shutdown
[6.758s] 3: def test_obstacle():
[6.758s] 3:     rclpy.init
[6.759s] 3:     try :
[6.759s] 3:         node=Obstacle()
[6.759s] 3:         #get values of parameters
[6.759s] 3:         threshold=node.get_parameter('threshold_distance').value
[6.759s] 3:         scan_topic=node.get_parameter("laser_scan_topic").value
[6.759s] 3:         cmd_topic=node.get_parameter("cmd_vel_topic").value
[6.759s] 3:         front_sector_angle=node.get_parameter("frontal_detection_angle_deg").value
[6.759s] 3:         # assert the values are correct as expected 
[6.759s] 3:         # 1- check if the parameters are of expected classes 
[6.759s] 3:         assert isinstance(threshold,float) ,f"expect the threshold to be a float"
[6.760s] 3:         assert isinstance(scan_topic,str), f"expect the scan topic to be a string"
[6.760s] 3:         assert isinstance(cmd_topic,str), f"expect the cmd velocity command to be a string"
[6.760s] 3:         assert isinstance(front_sector_angle,float),f'expect the angle of sector to be a float'
[6.760s] 3:         # 2- check if the values of the parameters are correct 
[6.760s] 3:         assert threshold == 0.5
[6.760s] 3:         assert scan_topic== "scan"
[6.760s] 3:         assert cmd_topic == "cmd_vel"
[6.760s] 3:         assert front_sector_angle == 60.0 
[6.760s] 3:     finally :
[6.760s] 3:         rclpy.shutdown
[6.761s] 3: 
[6.761s] 3: 
[6.761s] 3: if __name__=='__main__' :
[6.761s] 3:     pytest.main(['-v'])
[6.761s] 3: 
[6.761s] 3: '''       
[6.761s] 3:                          
[6.761s] 3:               
[6.761s] 3:          
[6.761s] 3:      ^
[6.762s] 3: '''
[6.762s] 3: def test_node_creation():
[6.762s] 3:     rclpy.init
[6.762s] 3:     try :
[6.762s] 3:         node=Obstacle()
[6.762s] 3:         # verify that the node has the expected name
[6.762s] 3:         assert node.get_name()=="Laser_Obstacle_Avoidance"
[6.762s] 3:         # verify that the node has the subscribed to the correct topic by name
[6.762s] 3:         assert hasattr(node,'laser_sub')
[6.762s] 3:         assert node.laser_sub.topic_name == 'scan'
[6.763s] 3:         # verify that the node is publishing to the correct topic by name 
[6.763s] 3:         assert hasattr(node,'cmd_vel_pub')
[6.763s] 3:         assert node.cmd_vel_pub.topic_name == 'cmd_vel'
[6.763s] 3:     finally :
[6.763s] 3:         rclpy.shutdown
[6.763s] 3: def test_parameter_node():
[6.763s] 3:     rclpy.init
[6.764s] 3:     try :
[6.764s] 3:         pass
[6.764s] 3:     finally :
[6.764s] 3:         rclpy.shutdown
[6.764s] 3: def test_obstacle():
[6.764s] 3:     rclpy.init
[6.764s] 3:     try :
[6.764s] 3:         node=Obstacle()
[6.764s] 3:         #get values of parameters
[6.764s] 3:         threshold=node.get_parameter('threshold_distance').value
[6.765s] 3:         scan_topic=node.get_parameter("laser_scan_topic").value
[6.765s] 3:         cmd_topic=node.get_parameter("cmd_vel_topic").value
[6.765s] 3:         front_sector_angle=node.get_parameter("frontal_detection_angle_deg").value
[6.765s] 3:         # assert the values are correct as expected 
[6.765s] 3:         # 1- check if the parameters are of expected classes 
[6.765s] 3:         assert isinstance(threshold,float) ,f"expect the threshold to be a float"
[6.765s] 3:         assert isinstance(scan_topic,str), f"expect the scan topic to be a string"
[6.765s] 3:         assert isinstance(cmd_topic,str), f"expect the cmd velocity command to be a string"
[6.765s] 3:         assert isinstance(front_sector_angle,float),f'expect the angle of sector to be a float'
[6.765s] 3:         # 2- check if the values of the parameters are correct 
[6.766s] 3:         assert threshold == 0.5
[6.766s] 3:         assert scan_topic== "scan"
[6.766s] 3:         assert cmd_topic == "cmd_vel"
[6.766s] 3:         assert front_sector_angle == 60.0 
[6.766s] 3:     finally :
[6.766s] 3:         rclpy.shutdown
[6.766s] 3: 
[6.766s] 3: 
[6.766s] 3: if __name__=='__main__' :
[6.766s] 3:     pytest.main(['-v'])
[6.767s] 3: 
[6.767s] 3: '''       
[6.767s] 3:                          
[6.767s] 3:               
[6.767s] 3:          
[6.767s] 3:        ^
[6.767s] 3: '''
[6.767s] 3: def test_node_creation():
[6.767s] 3:     rclpy.init
[6.767s] 3:     try :
[6.768s] 3:         node=Obstacle()
[6.768s] 3:         # verify that the node has the expected name
[6.768s] 3:         assert node.get_name()=="Laser_Obstacle_Avoidance"
[6.768s] 3:         # verify that the node has the subscribed to the correct topic by name
[6.768s] 3:         assert hasattr(node,'laser_sub')
[6.768s] 3:         assert node.laser_sub.topic_name == 'scan'
[6.768s] 3:         # verify that the node is publishing to the correct topic by name 
[6.768s] 3:         assert hasattr(node,'cmd_vel_pub')
[6.768s] 3:         assert node.cmd_vel_pub.topic_name == 'cmd_vel'
[6.768s] 3:     finally :
[6.769s] 3:         rclpy.shutdown
[6.769s] 3: def test_parameter_node():
[6.769s] 3:     rclpy.init
[6.769s] 3:     try :
[6.769s] 3:         pass
[6.769s] 3:     finally :
[6.769s] 3:         rclpy.shutdown
[6.769s] 3: def test_obstacle():
[6.769s] 3:     rclpy.init
[6.769s] 3:     try :
[6.770s] 3:         node=Obstacle()
[6.770s] 3:         #get values of parameters
[6.770s] 3:         threshold=node.get_parameter('threshold_distance').value
[6.770s] 3:         scan_topic=node.get_parameter("laser_scan_topic").value
[6.770s] 3:         cmd_topic=node.get_parameter("cmd_vel_topic").value
[6.770s] 3:         front_sector_angle=node.get_parameter("frontal_detection_angle_deg").value
[6.770s] 3:         # assert the values are correct as expected 
[6.770s] 3:         # 1- check if the parameters are of expected classes 
[6.770s] 3:         assert isinstance(threshold,float) ,f"expect the threshold to be a float"
[6.770s] 3:         assert isinstance(scan_topic,str), f"expect the scan topic to be a string"
[6.771s] 3:         assert isinstance(cmd_topic,str), f"expect the cmd velocity command to be a string"
[6.771s] 3:         assert isinstance(front_sector_angle,float),f'expect the angle of sector to be a float'
[6.771s] 3:         # 2- check if the values of the parameters are correct 
[6.771s] 3:         assert threshold == 0.5
[6.771s] 3:         assert scan_topic== "scan"
[6.771s] 3:         assert cmd_topic == "cmd_vel"
[6.771s] 3:         assert front_sector_angle == 60.0 
[6.771s] 3:     finally :
[6.772s] 3:         rclpy.shutdown
[6.772s] 3: 
[6.772s] 3: 
[6.772s] 3: if __name__=='__main__' :
[6.772s] 3:     pytest.main(['-v'])
[6.772s] 3: 
[6.772s] 3: '''       
[6.772s] 3:                          
[6.772s] 3:            ^
[6.772s] 3: '''
[6.773s] 3: def test_node_creation():
[6.773s] 3:     rclpy.init
[6.773s] 3:     try :
[6.773s] 3:         node=Obstacle()
[6.773s] 3:         # verify that the node has the expected name
[6.773s] 3:         assert node.get_name()=="Laser_Obstacle_Avoidance"
[6.774s] 3:         # verify that the node has the subscribed to the correct topic by name
[6.774s] 3:         assert hasattr(node,'laser_sub')
[6.774s] 3:         assert node.laser_sub.topic_name == 'scan'
[6.774s] 3:         # verify that the node is publishing to the correct topic by name 
[6.774s] 3:         assert hasattr(node,'cmd_vel_pub')
[6.775s] 3:         assert node.cmd_vel_pub.topic_name == 'cmd_vel'
[6.775s] 3:     finally :
[6.775s] 3:         rclpy.shutdown
[6.775s] 3: def test_parameter_node():
[6.776s] 3:     rclpy.init
[6.776s] 3:     try :
[6.776s] 3:         pass
[6.776s] 3:     finally :
[6.776s] 3:         rclpy.shutdown
[6.776s] 3: def test_obstacle():
[6.777s] 3:     rclpy.init
[6.777s] 3:     try :
[6.777s] 3:         node=Obstacle()
[6.777s] 3:         #get values of parameters
[6.777s] 3:         threshold=node.get_parameter('threshold_distance').value
[6.777s] 3:         scan_topic=node.get_parameter("laser_scan_topic").value
[6.778s] 3:         cmd_topic=node.get_parameter("cmd_vel_topic").value
[6.778s] 3:         front_sector_angle=node.get_parameter("frontal_detection_angle_deg").value
[6.778s] 3:         # assert the values are correct as expected 
[6.778s] 3:         # 1- check if the parameters are of expected classes 
[6.778s] 3:         assert isinstance(threshold,float) ,f"expect the threshold to be a float"
[6.778s] 3:         assert isinstance(scan_topic,str), f"expect the scan topic to be a string"
[6.778s] 3:         assert isinstance(cmd_topic,str), f"expect the cmd velocity command to be a string"
[6.779s] 3:         assert isinstance(front_sector_angle,float),f'expect the angle of sector to be a float'
[6.779s] 3:         # 2- check if the values of the parameters are correct 
[6.779s] 3:         assert threshold == 0.5
[6.779s] 3:         assert scan_topic== "scan"
[6.779s] 3:         assert cmd_topic == "cmd_vel"
[6.779s] 3:         assert front_sector_angle == 60.0 
[6.779s] 3:     finally :
[6.779s] 3:         rclpy.shutdown
[6.779s] 3: 
[6.779s] 3: 
[6.780s] 3: if __name__=='__main__' :
[6.780s] 3:     pytest.main(['-v'])
[6.780s] 3: 
[6.780s] 3: '''       ^
[6.780s] 3: '''
[6.780s] 3: def test_node_creation():
[6.780s] 3:     rclpy.init
[6.780s] 3:     try :
[6.780s] 3:         node=Obstacle()
[6.780s] 3:         # verify that the node has the expected name
[6.781s] 3:         assert node.get_name()=="Laser_Obstacle_Avoidance"
[6.781s] 3:         # verify that the node has the subscribed to the correct topic by name
[6.781s] 3:         assert hasattr(node,'laser_sub')
[6.781s] 3:         assert node.laser_sub.topic_name == 'scan'
[6.781s] 3:         # verify that the node is publishing to the correct topic by name 
[6.781s] 3:         assert hasattr(node,'cmd_vel_pub')
[6.781s] 3:         assert node.cmd_vel_pub.topic_name == 'cmd_vel'
[6.781s] 3:     finally :
[6.781s] 3:         rclpy.shutdown
[6.781s] 3: def test_parameter_node():
[6.782s] 3:     rclpy.init
[6.782s] 3:     try :
[6.782s] 3:         pass
[6.782s] 3:     finally :
[6.782s] 3:         rclpy.shutdown
[6.782s] 3: def test_obstacle():
[6.782s] 3:     rclpy.init
[6.782s] 3:     try :
[6.782s] 3:         node=Obstacle()
[6.782s] 3:         #get values of parameters
[6.783s] 3:         threshold=node.get_parameter('threshold_distance').value
[6.783s] 3:         scan_topic=node.get_parameter("laser_scan_topic").value
[6.783s] 3:         cmd_topic=node.get_parameter("cmd_vel_topic").value
[6.783s] 3:         front_sector_angle=node.get_parameter("frontal_detection_angle_deg").value
[6.783s] 3:         # assert the values are correct as expected 
[6.783s] 3:         # 1- check if the parameters are of expected classes 
[6.783s] 3:         assert isinstance(threshold,float) ,f"expect the threshold to be a float"
[6.783s] 3:         assert isinstance(scan_topic,str), f"expect the scan topic to be a string"
[6.783s] 3:         assert isinstance(cmd_topic,str), f"expect the cmd velocity command to be a string"
[6.784s] 3:         assert isinstance(front_sector_angle,float),f'expect the angle of sector to be a float'
[6.784s] 3:         # 2- check if the values of the parameters are correct 
[6.784s] 3:         assert threshold == 0.5
[6.784s] 3:         assert scan_topic== "scan"
[6.784s] 3:         assert cmd_topic == "cmd_vel"
[6.784s] 3:         assert front_sector_angle == 60.0 
[6.784s] 3:     finally :
[6.784s] 3:         rclpy.shutdown
[6.784s] 3: 
[6.784s] 3: 
[6.785s] 3: if __name__=='__main__' :
[6.785s] 3:     pytest.main(['-v'])
[6.785s] 3: 
[6.785s] 3: '''       
[6.785s] 3:    ^
[6.785s] 3: 9     E111 indentation is not a multiple of 4
[6.785s] 3: 1     E114 indentation is not a multiple of 4 (comment)
[6.785s] 3: 4     E117 over-indented (comment)
[6.785s] 3: 6     E122 continuation line missing indentation or outdented
[6.785s] 3: 3     E128 continuation line under-indented for visual indent
[6.786s] 3: 5     E131 continuation line unaligned for hanging indent
[6.786s] 3: 3     E203 whitespace before ':'
[6.786s] 3: 9     E225 missing whitespace around operator
[6.786s] 3: 36    E231 missing whitespace after ','
[6.786s] 3: 8     E261 at least two spaces before inline comment
[6.786s] 3: 3     E262 inline comment should start with '# '
[6.786s] 3: 5     E265 block comment should start with '# '
[6.786s] 3: 1     E275 missing whitespace after keyword
[6.786s] 3: 6     E302 expected 2 blank lines, found 1
[6.786s] 3: 20    E303 too many blank lines (2)
[6.787s] 3: 1     E305 expected 2 blank lines after class or function definition, found 1
[6.787s] 3: 30    E501 line too long (110 > 99 characters)
[6.787s] 3: 5     F401 'os' imported but unused
[6.787s] 3: 5     F541 f-string is missing placeholders
[6.787s] 3: 14    I100 Import statements are in the wrong order. 'from geometry_msgs.msg import Twist' should be before 'from sensor_msgs.msg import LaserScan'
[6.787s] 3: 3     I101 Imported names are in the wrong order. Should be DeclareLaunchArgument, IncludeLaunchDescription
[6.787s] 3: 7     I201 Missing newline between import groups. 'import math' is identified as Stdlib and 'from geometry_msgs.msg import Twist' is identified as Third Party.
[6.787s] 3: 44    Q000 Double quotes found but single quotes preferred
[6.787s] 3: 2     Q001 Single quote multiline found but double quotes preferred
[6.787s] 3: 24    W291 trailing whitespace
[6.788s] 3: 2     W292 no newline at end of file
[6.788s] 3: 14    W293 blank line contains whitespace
[6.788s] 3: 
[6.788s] 3: ./launch/rplidar.launch.py:5:1: E302 expected 2 blank lines, found 1
[6.788s] 3: 
[6.788s] 3: ./launch/rplidar.launch.py:14:100: E501 line too long (113 > 99 characters)
[6.788s] 3: 
[6.788s] 3: ./launch/rsp.launch.py:6:1: I101 Imported names are in the wrong order. Should be Command, LaunchConfiguration
[6.788s] 3: 
[6.788s] 3: ./launch/rsp.launch.py:7:1: I100 Import statements are in the wrong order. 'from launch.actions import DeclareLaunchArgument' should be before 'from launch.substitutions import LaunchConfiguration, Command'
[6.789s] 3: 
[6.789s] 3: ./launch/rsp.launch.py:10:1: F401 'xacro' imported but unused
[6.789s] 3: 
[6.789s] 3: ./launch/rsp.launch.py:21:39: E231 missing whitespace after ','
[6.789s] 3: 
[6.789s] 3: ./launch/rsp.launch.py:21:53: E231 missing whitespace after ','
[6.789s] 3: 
[6.789s] 3: ./launch/rsp.launch.py:23:100: E501 line too long (132 > 99 characters)
[6.789s] 3: 
[6.789s] 3: ./launch/rsp.launch.py:24:1: W293 blank line contains whitespace
[6.790s] 3: 
[6.790s] 3: ./launch/rsp.launch.py:35:5: E303 too many blank lines (2)
[6.790s] 3: 
[6.790s] 3: ./launch/rviz_gazebo.launch.py:2:1: I201 Missing newline between import groups. 'import xacro' is identified as Third Party and 'import os' is identified as Stdlib.
[6.790s] 3: 
[6.790s] 3: ./launch/rviz_gazebo.launch.py:3:1: I100 Import statements are in the wrong order. 'from ament_index_python.packages import get_package_share_directory' should be before 'import xacro'
[6.790s] 3: 
[6.790s] 3: ./launch/rviz_gazebo.launch.py:7:1: I101 Imported names are in the wrong order. Should be DeclareLaunchArgument, IncludeLaunchDescription
[6.790s] 3: 
[6.790s] 3: ./launch/rviz_gazebo.launch.py:12:1: I100 Import statements are in the wrong order. 'from launch.conditions import IfCondition, UnlessCondition' should be before 'from launch_ros.actions import Node'
[6.791s] 3: 
[6.791s] 3: ./launch/rviz_gazebo.launch.py:18:5: E303 too many blank lines (2)
[6.791s] 3: 
[6.791s] 3: ./launch/rviz_gazebo.launch.py:18:100: E501 line too long (110 > 99 characters)
[6.791s] 3: 
[6.791s] 3: ./launch/rviz_gazebo.launch.py:21:17: E225 missing whitespace around operator
[6.791s] 3: 
[6.791s] 3: ./launch/rviz_gazebo.launch.py:21:33: E261 at least two spaces before inline comment
[6.791s] 3: 
[6.791s] 3: ./launch/rviz_gazebo.launch.py:21:34: E262 inline comment should start with '# '
[6.791s] 3: 
[6.792s] 3: ./launch/rviz_gazebo.launch.py:25:62: E231 missing whitespace after ','
[6.792s] 3: 
[6.792s] 3: ./launch/rviz_gazebo.launch.py:25:71: E231 missing whitespace after ','
[6.792s] 3: 
[6.792s] 3: ./launch/rviz_gazebo.launch.py:33:10: W291 trailing whitespace
[6.792s] 3: 
[6.792s] 3: ./launch/rviz_gazebo.launch.py:34:1: W293 blank line contains whitespace
[6.792s] 3: 
[6.792s] 3: ./launch/rviz_gazebo.launch.py:47:21: E131 continuation line unaligned for hanging indent
[6.792s] 3: 
[6.792s] 3: ./launch/rviz_gazebo.launch.py:47:100: E501 line too long (104 > 99 characters)
[6.792s] 3: 
[6.793s] 3: ./launch/rviz_gazebo.launch.py:50:100: E501 line too long (126 > 99 characters)
[6.793s] 3: 
[6.793s] 3: ./launch/rviz_gazebo.launch.py:58:5: Q001 Single quote multiline found but double quotes preferred
[6.793s] 3: 
[6.793s] 3: ./launch/rviz_gazebo.launch.py:58:5: E303 too many blank lines (2)
[6.793s] 3: 
[6.793s] 3: ./launch/rviz_gazebo.launch.py:59:100: E501 line too long (101 > 99 characters)
[6.793s] 3: 
[6.793s] 3: ./launch/rviz_gazebo.launch.py:72:5: E122 continuation line missing indentation or outdented
[6.793s] 3: 
[6.793s] 3: ./launch/rviz_gazebo.launch.py:73:5: E122 continuation line missing indentation or outdented
[6.794s] 3: 
[6.794s] 3: ./launch/rviz_gazebo.launch.py:74:5: E122 continuation line missing indentation or outdented
[6.794s] 3: 
[6.794s] 3: ./launch/rviz_gazebo.launch.py:77:11: E131 continuation line unaligned for hanging indent
[6.794s] 3: 
[6.794s] 3: ./launch/rviz_gazebo.launch.py:78:10: E131 continuation line unaligned for hanging indent
[6.794s] 3: 
[6.794s] 3: ./launch/rviz_gazebo.launch.py:81:5: E122 continuation line missing indentation or outdented
[6.794s] 3: 
[6.794s] 3: ./launch/rviz_gazebo.launch.py:82:1: E122 continuation line missing indentation or outdented
[6.794s] 3: 
[6.794s] 3: ./launch/rviz_gazebo.launch.py:85:17: Q000 Double quotes found but single quotes preferred
[6.795s] 3: 
[6.795s] 3: ./launch/rviz_gazebo.launch.py:86:20: Q000 Double quotes found but single quotes preferred
[6.795s] 3: 
[6.795s] 3: ./launch/rviz_gazebo.launch.py:87:20: Q000 Double quotes found but single quotes preferred
[6.795s] 3: 
[6.795s] 3: ./launch/rviz_gazebo.launch.py:89:5: E265 block comment should start with '# '
[6.795s] 3: 
[6.795s] 3: ./launch/rviz_gazebo.launch.py:90:14: E225 missing whitespace around operator
[6.795s] 3: 
[6.795s] 3: ./launch/rviz_gazebo.launch.py:96:1: W293 blank line contains whitespace
[6.795s] 3: 
[6.795s] 3: ./launch/rviz_gazebo.launch.py:136:1: W293 blank line contains whitespace
[6.796s] 3: 
[6.796s] 3: ./launch/rviz_gazebo.launch.py:140:1: W293 blank line contains whitespace
[6.796s] 3: 
[6.796s] 3: ./launch/rviz_gazebo.launch.py:144:1: W293 blank line contains whitespace
[6.796s] 3: 
[6.796s] 3: ./test/pytest/test_laserObstacle.py:5:1: I100 Import statements are in the wrong order. 'import time' should be before 'import rclpy' and in a different group.
[6.796s] 3: 
[6.796s] 3: ./test/pytest/test_laserObstacle.py:5:1: I201 Missing newline between import groups. 'import time' is identified as Stdlib and 'import rclpy' is identified as Third Party.
[6.796s] 3: 
[6.796s] 3: ./test/pytest/test_laserObstacle.py:5:12: W291 trailing whitespace
[6.796s] 3: 
[6.796s] 3: ./test/pytest/test_laserObstacle.py:6:1: I201 Missing newline between import groups. 'from rclpy.executors import SingleThreadedExecutor' is identified as Third Party and 'import time' is identified as Stdlib.
[6.797s] 3: 
[6.797s] 3: ./test/pytest/test_laserObstacle.py:7:1: F401 'sensor_msgs.msg.LaserScan' imported but unused
[6.797s] 3: 
[6.797s] 3: ./test/pytest/test_laserObstacle.py:8:1: I100 Import statements are in the wrong order. 'from geometry_msgs.msg import Twist' should be before 'from sensor_msgs.msg import LaserScan'
[6.797s] 3: 
[6.797s] 3: ./test/pytest/test_laserObstacle.py:8:1: F401 'geometry_msgs.msg.Twist' imported but unused
[6.797s] 3: 
[6.797s] 3: ./test/pytest/test_laserObstacle.py:8:36: W291 trailing whitespace
[6.797s] 3: 
[6.797s] 3: ./test/pytest/test_laserObstacle.py:10:1: I100 Import statements are in the wrong order. 'from articubot_one.obstacle_avoidance import Obstacle' should be before 'from geometry_msgs.msg import Twist'
[6.797s] 3: 
[6.798s] 3: ./test/pytest/test_laserObstacle.py:10:54: W291 trailing whitespace
[6.798s] 3: 
[6.798s] 3: ./test/pytest/test_laserObstacle.py:12:1: E302 expected 2 blank lines, found 1
[6.798s] 3: 
[6.798s] 3: ./test/pytest/test_laserObstacle.py:19:1: E302 expected 2 blank lines, found 1
[6.798s] 3: 
[6.798s] 3: ./test/pytest/test_laserObstacle.py:37:14: E111 indentation is not a multiple of 4
[6.798s] 3: 
[6.798s] 3: ./test/pytest/test_laserObstacle.py:37:14: E117 over-indented
[6.798s] 3: 
[6.798s] 3: ./test/pytest/test_laserObstacle.py:37:37: E261 at least two spaces before inline comment
[6.798s] 3: 
[6.799s] 3: ./test/pytest/test_laserObstacle.py:39:29: E261 at least two spaces before inline comment
[6.799s] 3: 
[6.799s] 3: ./test/pytest/test_laserObstacle.py:46:14: E111 indentation is not a multiple of 4
[6.799s] 3: 
[6.799s] 3: ./test/pytest/test_laserObstacle.py:46:14: E117 over-indented
[6.799s] 3: 
[6.799s] 3: ./test/pytest/test_laserObstacle.py:52:31: Q000 Double quotes found but single quotes preferred
[6.799s] 3: 
[6.799s] 3: ./test/pytest/test_laserObstacle.py:55:48: E261 at least two spaces before inline comment
[6.799s] 3: 
[6.799s] 3: ./test/pytest/test_laserObstacle.py:57:53: E261 at least two spaces before inline comment
[6.800s] 3: 
[6.800s] 3: ./test/pytest/test_laserObstacle.py:76:46: Q000 Double quotes found but single quotes preferred
[6.800s] 3: 
[6.800s] 3: ./test/pytest/test_laserObstacle.py:76:46: F541 f-string is missing placeholders
[6.800s] 3: 
[6.800s] 3: ./test/pytest/test_laserObstacle.py:77:45: Q000 Double quotes found but single quotes preferred
[6.800s] 3: 
[6.800s] 3: ./test/pytest/test_laserObstacle.py:77:45: F541 f-string is missing placeholders
[6.800s] 3: 
[6.800s] 3: ./test/pytest/test_laserObstacle.py:78:44: Q000 Double quotes found but single quotes preferred
[6.800s] 3: 
[6.800s] 3: ./test/pytest/test_laserObstacle.py:78:44: F541 f-string is missing placeholders
[6.800s] 3: 
[6.801s] 3: ./test/pytest/test_laserObstacle.py:79:55: F541 f-string is missing placeholders
[6.801s] 3: 
[6.801s] 3: ./test/pytest/test_laserObstacle.py:84:30: Q000 Double quotes found but single quotes preferred
[6.801s] 3: 
[6.801s] 3: ./test/pytest/test_laserObstacle.py:85:29: Q000 Double quotes found but single quotes preferred
[6.801s] 3: 
[6.801s] 3: ./test/pytest/test_laserObstacle.py:89:21: Q000 Double quotes found but single quotes preferred
[6.801s] 3: 
[6.801s] 3: ./test/pytest/test_laserObstacle.py:91:21: Q000 Double quotes found but single quotes preferred
[6.801s] 3: 
[6.801s] 3: ./test/pytest/test_laserObstacle.py:96:1: Q001 Single quote multiline found but double quotes preferred
[6.801s] 3: 
[6.802s] 3: ./test/pytest/test_laserObstacle.py:96:1: E303 too many blank lines (4)
[6.802s] 3: 
[6.802s] 3: ./test/pytest/test_laserObstacle.py:106:74: W291 trailing whitespace
[6.802s] 3: 
[6.802s] 3: ./test/pytest/test_laserObstacle.py:126:52: W291 trailing whitespace
[6.802s] 3: 
[6.802s] 3: ./test/pytest/test_laserObstacle.py:127:61: W291 trailing whitespace
[6.802s] 3: 
[6.802s] 3: ./test/pytest/test_laserObstacle.py:132:63: W291 trailing whitespace
[6.802s] 3: 
[6.802s] 3: ./test/pytest/test_laserObstacle.py:136:42: W291 trailing whitespace
[6.802s] 3: 
[6.802s] 3: ./test/pytest/test_laserObstacle.py:144:4: W291 trailing whitespace
[6.803s] 3: 
[6.803s] 3: ./test/pytest/test_laserObstacle.py:144:8: W292 no newline at end of file
[6.803s] 3: 
[6.803s] 3: 
[6.803s] 3: 15 files checked
[6.803s] 3: 270 errors
[6.803s] 3: 
[6.803s] 3: 'E'-type errors: 150
[6.803s] 3: 'F'-type errors: 10
[6.803s] 3: 'I'-type errors: 24
[6.803s] 3: 'Q'-type errors: 46
[6.803s] 3: 'W'-type errors: 40
[6.804s] 3: 
[6.804s] 3: Checked files:
[6.804s] 3: 
[6.804s] 3: * ./setup.py
[6.804s] 3: * ./test/pytest/test_laserObstacle.py
[6.804s] 3: * ./articubot_one/obstacle_avoidance.py
[6.804s] 3: * ./articubot_one/__init__.py
[6.804s] 3: * ./launch/joystick.launch.py
[6.804s] 3: * ./launch/online_async_launch.py
[6.804s] 3: * ./launch/ball_tracker.launch.py
[6.804s] 3: * ./launch/localization_launch.py
[6.804s] 3: * ./launch/rviz_gazebo.launch.py
[6.804s] 3: * ./launch/navigation_launch.py
[6.805s] 3: * ./launch/rsp.launch.py
[6.805s] 3: * ./launch/launch_robot.launch.py
[6.805s] 3: * ./launch/camera.launch.py
[6.805s] 3: * ./launch/rplidar.launch.py
[6.805s] 3: * ./launch/launch_sim.launch.py
[6.805s] 3: -- run_test.py: return code 1
[6.805s] 3: -- run_test.py: verify result file '/home/jonatan/ros2_ws/build/articubot_one/test_results/articubot_one/flake8.xunit.xml'
[6.805s] 3/6 Test #3: flake8 ...........................***Failed    0.59 sec
[6.805s] test 4
[6.805s]     Start 4: lint_cmake
[6.805s] 
[6.806s] 4: Test command: /usr/bin/python3 "-u" "/opt/ros/jazzy/share/ament_cmake_test/cmake/run_test.py" "/home/jonatan/ros2_ws/build/articubot_one/test_results/articubot_one/lint_cmake.xunit.xml" "--package-name" "articubot_one" "--output-file" "/home/jonatan/ros2_ws/build/articubot_one/ament_lint_cmake/lint_cmake.txt" "--command" "/opt/ros/jazzy/bin/ament_lint_cmake" "--xunit-file" "/home/jonatan/ros2_ws/build/articubot_one/test_results/articubot_one/lint_cmake.xunit.xml"
[6.806s] 4: Working Directory: /home/jonatan/ros2_ws/src/articubot_one
[6.806s] 4: Test timeout computed to be: 60
[6.806s] 4: -- run_test.py: invoking following command in '/home/jonatan/ros2_ws/src/articubot_one':
[6.806s] 4:  - /opt/ros/jazzy/bin/ament_lint_cmake --xunit-file /home/jonatan/ros2_ws/build/articubot_one/test_results/articubot_one/lint_cmake.xunit.xml
[6.876s] 4: CMakeLists.txt:40: Line ends in whitespace [whitespace/eol]
[6.876s] 4: CMakeLists.txt:55: Line ends in whitespace [whitespace/eol]
[6.876s] 4: 
[6.876s] 4: 
[6.876s] 4: 2 errors
[6.891s] 4: -- run_test.py: return code 1
[6.891s] 4: -- run_test.py: verify result file '/home/jonatan/ros2_ws/build/articubot_one/test_results/articubot_one/lint_cmake.xunit.xml'
[6.902s] 4/6 Test #4: lint_cmake .......................***Failed    0.23 sec
[6.903s] test 5
[6.903s]     Start 5: pep257
[6.903s] 
[6.903s] 5: Test command: /usr/bin/python3 "-u" "/opt/ros/jazzy/share/ament_cmake_test/cmake/run_test.py" "/home/jonatan/ros2_ws/build/articubot_one/test_results/articubot_one/pep257.xunit.xml" "--package-name" "articubot_one" "--output-file" "/home/jonatan/ros2_ws/build/articubot_one/ament_pep257/pep257.txt" "--command" "/opt/ros/jazzy/bin/ament_pep257" "--xunit-file" "/home/jonatan/ros2_ws/build/articubot_one/test_results/articubot_one/pep257.xunit.xml"
[6.903s] 5: Working Directory: /home/jonatan/ros2_ws/src/articubot_one
[6.903s] 5: Test timeout computed to be: 60
[6.979s] 5: -- run_test.py: invoking following command in '/home/jonatan/ros2_ws/src/articubot_one':
[6.979s] 5:  - /opt/ros/jazzy/bin/ament_pep257 --xunit-file /home/jonatan/ros2_ws/build/articubot_one/test_results/articubot_one/pep257.xunit.xml
[7.169s] 5: checking ./articubot_one/__init__.py
[7.169s] 5: checking ./articubot_one/obstacle_avoidance.py
[7.170s] 5: checking ./launch/ball_tracker.launch.py
[7.170s] 5: checking ./launch/camera.launch.py
[7.170s] 5: checking ./launch/joystick.launch.py
[7.170s] 5: checking ./launch/launch_robot.launch.py
[7.170s] 5: checking ./launch/launch_sim.launch.py
[7.170s] 5: checking ./launch/localization_launch.py
[7.170s] 5: checking ./launch/navigation_launch.py
[7.171s] 5: checking ./launch/online_async_launch.py
[7.171s] 5: checking ./launch/rplidar.launch.py
[7.171s] 5: checking ./launch/rsp.launch.py
[7.171s] 5: checking ./launch/rviz_gazebo.launch.py
[7.171s] 5: checking ./setup.py
[7.171s] 5: checking ./test/pytest/test_laserObstacle.py
[7.171s] 5: No problems found
[7.193s] 5: -- run_test.py: return code 0
[7.193s] 5: -- run_test.py: verify result file '/home/jonatan/ros2_ws/build/articubot_one/test_results/articubot_one/pep257.xunit.xml'
[7.206s] 5/6 Test #5: pep257 ...........................   Passed    0.30 sec
[7.206s] test 6
[7.206s]     Start 6: xmllint
[7.206s] 
[7.206s] 6: Test command: /usr/bin/python3 "-u" "/opt/ros/jazzy/share/ament_cmake_test/cmake/run_test.py" "/home/jonatan/ros2_ws/build/articubot_one/test_results/articubot_one/xmllint.xunit.xml" "--package-name" "articubot_one" "--output-file" "/home/jonatan/ros2_ws/build/articubot_one/ament_xmllint/xmllint.txt" "--command" "/opt/ros/jazzy/bin/ament_xmllint" "--xunit-file" "/home/jonatan/ros2_ws/build/articubot_one/test_results/articubot_one/xmllint.xunit.xml"
[7.206s] 6: Working Directory: /home/jonatan/ros2_ws/src/articubot_one
[7.207s] 6: Test timeout computed to be: 60
[7.284s] 6: -- run_test.py: invoking following command in '/home/jonatan/ros2_ws/src/articubot_one':
[7.284s] 6:  - /opt/ros/jazzy/bin/ament_xmllint --xunit-file /home/jonatan/ros2_ws/build/articubot_one/test_results/articubot_one/xmllint.xunit.xml
[15.502s] 6: File 'package.xml' is valid
[15.503s] 6: 
[15.503s] 6: No problems found
[15.564s] 6: -- run_test.py: return code 0
[15.565s] 6: -- run_test.py: verify result file '/home/jonatan/ros2_ws/build/articubot_one/test_results/articubot_one/xmllint.xunit.xml'
[15.605s] 6/6 Test #6: xmllint ..........................   Passed    8.40 sec
[15.607s] 
[15.608s] 33% tests passed[0;0m, [0;31m4 tests failed[0;0m out of 6
[15.610s] 
[15.610s] Label Time Summary:
[15.611s] copyright     =   0.47 sec*proc (1 test)
[15.611s] flake8        =   0.59 sec*proc (1 test)
[15.612s] lint_cmake    =   0.23 sec*proc (1 test)
[15.612s] linter        =   9.99 sec*proc (5 tests)
[15.612s] pep257        =   0.30 sec*proc (1 test)
[15.613s] pytest        =   5.56 sec*proc (1 test)
[15.613s] xmllint       =   8.40 sec*proc (1 test)
[15.614s] 
[15.614s] Total Test time (real) =  15.56 sec
[15.615s] 
[15.615s] The following tests FAILED:
[15.616s] 	[0;31m  1 - laser_obstacle_test (Failed)[0;0m
[15.617s] 	[0;31m  2 - copyright (Failed)[0;0m
[15.617s] 	[0;31m  3 - flake8 (Failed)[0;0m
[15.618s] 	[0;31m  4 - lint_cmake (Failed)[0;0m
[15.630s] Errors while running CTest
[15.631s] Output from these tests are in: /home/jonatan/ros2_ws/build/articubot_one/Testing/Temporary/LastTest.log
[15.632s] Use "--rerun-failed --output-on-failure" to re-run the failed cases verbosely.
[15.639s] Invoked command in '/home/jonatan/ros2_ws/build/articubot_one' returned '8': AMENT_PREFIX_PATH=/home/jonatan/ros2_ws/install/articubot_one:${AMENT_PREFIX_PATH} CMAKE_PREFIX_PATH=/home/jonatan/ros2_ws/install/articubot_one:${CMAKE_PREFIX_PATH} PS1=\[\e]0;\u@\h: \w\a\]${debian_chroot:+($debian_chroot)}\[\033[01;32m\]\u@\h\[\033[00m\]:\[\033[01;34m\]\w\[\033[00m\]\$ PYTHONPATH=/home/jonatan/ros2_ws/install/articubot_one/lib/python3.12/site-packages:${PYTHONPATH} /usr/bin/ctest -C Release -D ExperimentalTest --no-compress-output -V --force-new-ctest-process
